<?xml version="1.0" encoding="UTF-8"?>
<coverage generated="1515520950057" clover="3.2.0">
  <project timestamp="1515520950058" name="All files">
    <metrics statements="181" coveredstatements="88" conditionals="78" coveredconditionals="30" methods="83" coveredmethods="37" elements="342" coveredelements="155" complexity="0" loc="181" ncloc="181" packages="2" files="18" classes="18">
      <package name="components">
        <metrics statements="174" coveredstatements="81" conditionals="78" coveredconditionals="30" methods="82" coveredmethods="36"/>
        <file name="About.jsx" path="/vagrant/projects/odd-radio/src/client/components/About.jsx">
          <metrics statements="1" coveredstatements="0" conditionals="0" coveredconditionals="0" methods="1" coveredmethods="0"/>
          <line num="5" count="0" type="stmt"/>
        </file>
        <file name="App.jsx" path="/vagrant/projects/odd-radio/src/client/components/App.jsx">
          <metrics statements="91" coveredstatements="37" conditionals="22" coveredconditionals="3" methods="29" coveredmethods="12"/>
          <line num="14" count="1" type="stmt"/>
          <line num="15" count="1" type="stmt"/>
          <line num="16" count="1" type="stmt"/>
          <line num="46" count="1" type="stmt"/>
          <line num="47" count="1" type="stmt"/>
          <line num="48" count="1" type="stmt"/>
          <line num="49" count="1" type="stmt"/>
          <line num="50" count="1" type="stmt"/>
          <line num="51" count="1" type="stmt"/>
          <line num="52" count="1" type="stmt"/>
          <line num="53" count="1" type="stmt"/>
          <line num="54" count="1" type="stmt"/>
          <line num="55" count="1" type="stmt"/>
          <line num="56" count="1" type="stmt"/>
          <line num="57" count="1" type="stmt"/>
          <line num="58" count="1" type="stmt"/>
          <line num="59" count="1" type="stmt"/>
          <line num="60" count="1" type="stmt"/>
          <line num="65" count="1" type="stmt"/>
          <line num="67" count="1" type="stmt"/>
          <line num="69" count="1" type="stmt"/>
          <line num="71" count="1" type="stmt"/>
          <line num="73" count="0" type="stmt"/>
          <line num="81" count="0" type="cond" truecount="0" falsecount="2"/>
          <line num="82" count="0" type="stmt"/>
          <line num="85" count="0" type="stmt"/>
          <line num="87" count="0" type="stmt"/>
          <line num="96" count="0" type="stmt"/>
          <line num="97" count="0" type="stmt"/>
          <line num="99" count="0" type="cond" truecount="0" falsecount="2"/>
          <line num="100" count="0" type="stmt"/>
          <line num="102" count="0" type="stmt"/>
          <line num="109" count="0" type="stmt"/>
          <line num="110" count="0" type="stmt"/>
          <line num="117" count="0" type="stmt"/>
          <line num="118" count="0" type="cond" truecount="0" falsecount="2"/>
          <line num="121" count="0" type="stmt"/>
          <line num="126" count="0" type="stmt"/>
          <line num="127" count="0" type="cond" truecount="0" falsecount="2"/>
          <line num="129" count="0" type="stmt"/>
          <line num="134" count="0" type="stmt"/>
          <line num="140" count="0" type="stmt"/>
          <line num="147" count="0" type="stmt"/>
          <line num="154" count="0" type="stmt"/>
          <line num="155" count="0" type="cond" truecount="0" falsecount="2"/>
          <line num="156" count="0" type="stmt"/>
          <line num="157" count="0" type="stmt"/>
          <line num="158" count="0" type="stmt"/>
          <line num="165" count="0" type="stmt"/>
          <line num="166" count="0" type="stmt"/>
          <line num="168" count="0" type="stmt"/>
          <line num="171" count="0" type="stmt"/>
          <line num="178" count="0" type="stmt"/>
          <line num="179" count="0" type="stmt"/>
          <line num="184" count="0" type="stmt"/>
          <line num="186" count="0" type="stmt"/>
          <line num="189" count="0" type="cond" truecount="0" falsecount="2"/>
          <line num="190" count="0" type="stmt"/>
          <line num="191" count="0" type="stmt"/>
          <line num="194" count="0" type="cond" truecount="0" falsecount="2"/>
          <line num="195" count="0" type="stmt"/>
          <line num="205" count="0" type="stmt"/>
          <line num="212" count="2" type="stmt"/>
          <line num="213" count="2" type="stmt"/>
          <line num="218" count="1" type="stmt"/>
          <line num="219" count="0" type="stmt"/>
          <line num="220" count="0" type="stmt"/>
          <line num="226" count="1" type="cond" truecount="1" falsecount="1"/>
          <line num="227" count="0" type="stmt"/>
          <line num="235" count="1" type="cond" truecount="1" falsecount="1"/>
          <line num="236" count="0" type="stmt"/>
          <line num="246" count="0" type="cond" truecount="0" falsecount="2"/>
          <line num="247" count="0" type="stmt"/>
          <line num="249" count="0" type="stmt"/>
          <line num="251" count="0" type="stmt"/>
          <line num="253" count="0" type="stmt"/>
          <line num="254" count="0" type="stmt"/>
          <line num="260" count="0" type="stmt"/>
          <line num="268" count="1" type="stmt"/>
          <line num="269" count="1" type="stmt"/>
          <line num="271" count="1" type="stmt"/>
          <line num="272" count="2" type="cond" truecount="1" falsecount="1"/>
          <line num="273" count="0" type="stmt"/>
          <line num="274" count="0" type="stmt"/>
          <line num="275" count="0" type="stmt"/>
          <line num="281" count="1" type="stmt"/>
          <line num="282" count="1" type="stmt"/>
          <line num="283" count="1" type="stmt"/>
          <line num="284" count="1" type="stmt"/>
          <line num="285" count="1" type="stmt"/>
          <line num="289" count="2" type="stmt"/>
        </file>
        <file name="AudioPlayer.jsx" path="/vagrant/projects/odd-radio/src/client/components/AudioPlayer.jsx">
          <metrics statements="17" coveredstatements="7" conditionals="4" coveredconditionals="2" methods="11" coveredmethods="4"/>
          <line num="10" count="2" type="stmt"/>
          <line num="11" count="2" type="stmt"/>
          <line num="17" count="2" type="stmt"/>
          <line num="18" count="2" type="stmt"/>
          <line num="23" count="0" type="stmt"/>
          <line num="25" count="0" type="stmt"/>
          <line num="28" count="0" type="stmt"/>
          <line num="34" count="0" type="stmt"/>
          <line num="36" count="0" type="cond" truecount="0" falsecount="2"/>
          <line num="37" count="0" type="stmt"/>
          <line num="41" count="0" type="stmt"/>
          <line num="44" count="0" type="stmt"/>
          <line num="47" count="0" type="stmt"/>
          <line num="53" count="1" type="stmt"/>
          <line num="59" count="1" type="stmt"/>
          <line num="63" count="4" type="stmt"/>
          <line num="65" count="0" type="stmt"/>
        </file>
        <file name="Background.jsx" path="/vagrant/projects/odd-radio/src/client/components/Background.jsx">
          <metrics statements="1" coveredstatements="1" conditionals="0" coveredconditionals="0" methods="1" coveredmethods="1"/>
          <line num="5" count="2" type="stmt"/>
        </file>
        <file name="Contact.jsx" path="/vagrant/projects/odd-radio/src/client/components/Contact.jsx">
          <metrics statements="1" coveredstatements="0" conditionals="0" coveredconditionals="0" methods="1" coveredmethods="0"/>
          <line num="5" count="0" type="stmt"/>
        </file>
        <file name="Loader.jsx" path="/vagrant/projects/odd-radio/src/client/components/Loader.jsx">
          <metrics statements="1" coveredstatements="1" conditionals="0" coveredconditionals="0" methods="1" coveredmethods="1"/>
          <line num="5" count="2" type="stmt"/>
        </file>
        <file name="Masthead.jsx" path="/vagrant/projects/odd-radio/src/client/components/Masthead.jsx">
          <metrics statements="10" coveredstatements="3" conditionals="10" coveredconditionals="3" methods="6" coveredmethods="2"/>
          <line num="8" count="2" type="stmt"/>
          <line num="9" count="2" type="stmt"/>
          <line num="15" count="0" type="cond" truecount="0" falsecount="2"/>
          <line num="16" count="0" type="stmt"/>
          <line num="20" count="0" type="cond" truecount="0" falsecount="2"/>
          <line num="21" count="0" type="stmt"/>
          <line num="29" count="3" type="stmt"/>
          <line num="32" count="0" type="stmt"/>
          <line num="35" count="0" type="stmt"/>
          <line num="38" count="0" type="stmt"/>
        </file>
        <file name="MuteButton.jsx" path="/vagrant/projects/odd-radio/src/client/components/MuteButton.jsx">
          <metrics statements="5" coveredstatements="5" conditionals="2" coveredconditionals="2" methods="3" coveredmethods="3"/>
          <line num="5" count="9" type="cond" truecount="2" falsecount="0"/>
          <line num="6" count="7" type="stmt"/>
          <line num="8" count="1" type="stmt"/>
          <line num="12" count="2" type="stmt"/>
          <line num="14" count="1" type="stmt"/>
        </file>
        <file name="PlayerButtons.jsx" path="/vagrant/projects/odd-radio/src/client/components/PlayerButtons.jsx">
          <metrics statements="7" coveredstatements="6" conditionals="8" coveredconditionals="8" methods="3" coveredmethods="2"/>
          <line num="7" count="17" type="cond" truecount="4" falsecount="0"/>
          <line num="8" count="1" type="stmt"/>
          <line num="12" count="16" type="cond" truecount="4" falsecount="0"/>
          <line num="13" count="5" type="stmt"/>
          <line num="16" count="1" type="stmt"/>
          <line num="21" count="11" type="stmt"/>
          <line num="24" count="0" type="stmt"/>
        </file>
        <file name="Presets.jsx" path="/vagrant/projects/odd-radio/src/client/components/Presets.jsx">
          <metrics statements="7" coveredstatements="2" conditionals="10" coveredconditionals="5" methods="7" coveredmethods="2"/>
          <line num="5" count="2" type="stmt"/>
          <line num="9" count="4" type="stmt"/>
          <line num="15" count="0" type="stmt"/>
          <line num="18" count="0" type="stmt"/>
          <line num="21" count="0" type="stmt"/>
          <line num="24" count="0" type="stmt"/>
          <line num="27" count="0" type="stmt"/>
        </file>
        <file name="SetPresets.jsx" path="/vagrant/projects/odd-radio/src/client/components/SetPresets.jsx">
          <metrics statements="6" coveredstatements="0" conditionals="10" coveredconditionals="0" methods="6" coveredmethods="0"/>
          <line num="6" count="0" type="stmt"/>
          <line num="12" count="0" type="stmt"/>
          <line num="16" count="0" type="stmt"/>
          <line num="20" count="0" type="stmt"/>
          <line num="24" count="0" type="stmt"/>
          <line num="28" count="0" type="stmt"/>
        </file>
        <file name="Station.jsx" path="/vagrant/projects/odd-radio/src/client/components/Station.jsx">
          <metrics statements="8" coveredstatements="5" conditionals="4" coveredconditionals="2" methods="5" coveredmethods="3"/>
          <line num="10" count="7" type="stmt"/>
          <line num="11" count="7" type="stmt"/>
          <line num="30" count="0" type="stmt"/>
          <line num="38" count="8" type="cond" truecount="2" falsecount="2"/>
          <line num="39" count="0" type="stmt"/>
          <line num="51" count="0" type="stmt"/>
          <line num="74" count="8" type="stmt"/>
          <line num="87" count="1" type="stmt"/>
        </file>
        <file name="StationList.jsx" path="/vagrant/projects/odd-radio/src/client/components/StationList.jsx">
          <metrics statements="10" coveredstatements="10" conditionals="4" coveredconditionals="4" methods="3" coveredmethods="3"/>
          <line num="7" count="2" type="stmt"/>
          <line num="12" count="3" type="stmt"/>
          <line num="13" count="4" type="stmt"/>
          <line num="14" count="4" type="stmt"/>
          <line num="16" count="4" type="cond" truecount="2" falsecount="0"/>
          <line num="17" count="1" type="stmt"/>
          <line num="20" count="4" type="cond" truecount="2" falsecount="0"/>
          <line num="21" count="2" type="stmt"/>
          <line num="24" count="4" type="stmt"/>
          <line num="49" count="3" type="stmt"/>
        </file>
        <file name="StationName.jsx" path="/vagrant/projects/odd-radio/src/client/components/StationName.jsx">
          <metrics statements="2" coveredstatements="1" conditionals="0" coveredconditionals="0" methods="2" coveredmethods="1"/>
          <line num="8" count="9" type="stmt"/>
          <line num="10" count="0" type="stmt"/>
        </file>
        <file name="Team.jsx" path="/vagrant/projects/odd-radio/src/client/components/Team.jsx">
          <metrics statements="1" coveredstatements="0" conditionals="0" coveredconditionals="0" methods="1" coveredmethods="0"/>
          <line num="5" count="0" type="stmt"/>
        </file>
        <file name="Ticker.jsx" path="/vagrant/projects/odd-radio/src/client/components/Ticker.jsx">
          <metrics statements="5" coveredstatements="2" conditionals="4" coveredconditionals="1" methods="1" coveredmethods="1"/>
          <line num="5" count="2" type="cond" truecount="1" falsecount="1"/>
          <line num="6" count="2" type="stmt"/>
          <line num="9" count="0" type="cond" truecount="0" falsecount="2"/>
          <line num="10" count="0" type="stmt"/>
          <line num="24" count="0" type="stmt"/>
        </file>
        <file name="VolumeControls.jsx" path="/vagrant/projects/odd-radio/src/client/components/VolumeControls.jsx">
          <metrics statements="1" coveredstatements="1" conditionals="0" coveredconditionals="0" methods="1" coveredmethods="1"/>
          <line num="6" count="4" type="stmt"/>
        </file>
      </package>
      <package name="util">
        <metrics statements="7" coveredstatements="7" conditionals="0" coveredconditionals="0" methods="1" coveredmethods="1"/>
        <file name="ClientFunctions.jsx" path="/vagrant/projects/odd-radio/src/client/util/ClientFunctions.jsx">
          <metrics statements="7" coveredstatements="7" conditionals="0" coveredconditionals="0" methods="1" coveredmethods="1"/>
          <line num="3" count="2" type="stmt"/>
          <line num="4" count="2" type="stmt"/>
          <line num="5" count="9" type="stmt"/>
          <line num="7" count="9" type="stmt"/>
          <line num="8" count="9" type="stmt"/>
          <line num="9" count="9" type="stmt"/>
          <line num="11" count="2" type="stmt"/>
        </file>
      </package>
    </metrics>
  </project>
</coverage>
