<?xml version="1.0" encoding="UTF-8"?>
<coverage generated="1513731895627" clover="3.2.0">
  <project timestamp="1513731895627" name="All files">
    <metrics statements="197" coveredstatements="67" conditionals="40" coveredconditionals="7" methods="49" coveredmethods="23" elements="286" coveredelements="97" complexity="0" loc="197" ncloc="197" packages="2" files="8" classes="8">
      <package name="components">
        <metrics statements="190" coveredstatements="60" conditionals="40" coveredconditionals="7" methods="48" coveredmethods="22"/>
        <file name="App.jsx" path="/vagrant/Lighthouse-Labs-Projects/odd-radio-1/src/client/components/App.jsx">
          <metrics statements="53" coveredstatements="21" conditionals="10" coveredconditionals="1" methods="15" coveredmethods="9"/>
          <line num="11" count="1" type="stmt"/>
          <line num="12" count="1" type="stmt"/>
          <line num="13" count="1" type="stmt"/>
          <line num="32" count="1" type="stmt"/>
          <line num="33" count="1" type="stmt"/>
          <line num="34" count="1" type="stmt"/>
          <line num="35" count="1" type="stmt"/>
          <line num="36" count="1" type="stmt"/>
          <line num="37" count="1" type="stmt"/>
          <line num="38" count="1" type="stmt"/>
          <line num="43" count="1" type="stmt"/>
          <line num="45" count="1" type="stmt"/>
          <line num="47" count="0" type="stmt"/>
          <line num="48" count="0" type="stmt"/>
          <line num="50" count="1" type="stmt"/>
          <line num="56" count="0" type="stmt"/>
          <line num="62" count="0" type="stmt"/>
          <line num="63" count="0" type="stmt"/>
          <line num="64" count="0" type="stmt"/>
          <line num="67" count="0" type="stmt"/>
          <line num="68" count="0" type="stmt"/>
          <line num="72" count="0" type="stmt"/>
          <line num="73" count="0" type="stmt"/>
          <line num="74" count="0" type="cond" truecount="0" falsecount="2"/>
          <line num="75" count="0" type="stmt"/>
          <line num="76" count="0" type="stmt"/>
          <line num="77" count="0" type="stmt"/>
          <line num="84" count="0" type="cond" truecount="0" falsecount="2"/>
          <line num="85" count="0" type="stmt"/>
          <line num="86" count="0" type="stmt"/>
          <line num="87" count="0" type="stmt"/>
          <line num="98" count="0" type="stmt"/>
          <line num="99" count="0" type="stmt"/>
          <line num="104" count="0" type="stmt"/>
          <line num="106" count="0" type="stmt"/>
          <line num="107" count="0" type="stmt"/>
          <line num="110" count="0" type="cond" truecount="0" falsecount="2"/>
          <line num="111" count="0" type="stmt"/>
          <line num="112" count="0" type="stmt"/>
          <line num="115" count="0" type="cond" truecount="0" falsecount="2"/>
          <line num="116" count="0" type="stmt"/>
          <line num="123" count="0" type="stmt"/>
          <line num="131" count="1" type="stmt"/>
          <line num="132" count="1" type="stmt"/>
          <line num="136" count="1" type="stmt"/>
          <line num="137" count="0" type="stmt"/>
          <line num="138" count="0" type="stmt"/>
          <line num="144" count="1" type="cond" truecount="1" falsecount="1"/>
          <line num="145" count="0" type="stmt"/>
          <line num="152" count="1" type="stmt"/>
          <line num="153" count="1" type="stmt"/>
          <line num="154" count="1" type="stmt"/>
          <line num="158" count="1" type="stmt"/>
        </file>
        <file name="AudioPlayer.jsx" path="/vagrant/Lighthouse-Labs-Projects/odd-radio-1/src/client/components/AudioPlayer.jsx">
          <metrics statements="29" coveredstatements="6" conditionals="8" coveredconditionals="0" methods="5" coveredmethods="2"/>
          <line num="8" count="5" type="stmt"/>
          <line num="9" count="5" type="stmt"/>
          <line num="13" count="5" type="stmt"/>
          <line num="14" count="5" type="stmt"/>
          <line num="18" count="0" type="stmt"/>
          <line num="20" count="0" type="cond" truecount="0" falsecount="2"/>
          <line num="21" count="0" type="stmt"/>
          <line num="22" count="0" type="cond" truecount="0" falsecount="2"/>
          <line num="23" count="0" type="stmt"/>
          <line num="27" count="0" type="stmt"/>
          <line num="35" count="0" type="stmt"/>
          <line num="36" count="0" type="stmt"/>
          <line num="38" count="0" type="stmt"/>
          <line num="40" count="0" type="cond" truecount="0" falsecount="2"/>
          <line num="41" count="0" type="stmt"/>
          <line num="44" count="0" type="stmt"/>
          <line num="51" count="0" type="stmt"/>
          <line num="52" count="0" type="stmt"/>
          <line num="54" count="0" type="cond" truecount="0" falsecount="2"/>
          <line num="55" count="0" type="stmt"/>
          <line num="56" count="0" type="stmt"/>
          <line num="60" count="0" type="stmt"/>
          <line num="61" count="0" type="stmt"/>
          <line num="62" count="0" type="stmt"/>
          <line num="64" count="0" type="stmt"/>
          <line num="65" count="0" type="stmt"/>
          <line num="66" count="0" type="stmt"/>
          <line num="71" count="5" type="stmt"/>
          <line num="72" count="5" type="stmt"/>
        </file>
        <file name="PlayerButtons.jsx" path="/vagrant/Lighthouse-Labs-Projects/odd-radio-1/src/client/components/PlayerButtons.jsx">
          <metrics statements="5" coveredstatements="2" conditionals="4" coveredconditionals="3" methods="3" coveredmethods="1"/>
          <line num="6" count="15" type="cond" truecount="3" falsecount="1"/>
          <line num="7" count="0" type="stmt"/>
          <line num="10" count="0" type="stmt"/>
          <line num="15" count="15" type="stmt"/>
          <line num="18" count="0" type="stmt"/>
        </file>
        <file name="Station.jsx" path="/vagrant/Lighthouse-Labs-Projects/odd-radio-1/src/client/components/Station.jsx">
          <metrics statements="21" coveredstatements="6" conditionals="2" coveredconditionals="0" methods="4" coveredmethods="3"/>
          <line num="7" count="4" type="stmt"/>
          <line num="8" count="4" type="stmt"/>
          <line num="16" count="4" type="stmt"/>
          <line num="21" count="0" type="stmt"/>
          <line num="22" count="0" type="stmt"/>
          <line num="23" count="0" type="stmt"/>
          <line num="24" count="0" type="stmt"/>
          <line num="25" count="0" type="cond" truecount="0" falsecount="2"/>
          <line num="26" count="0" type="stmt"/>
          <line num="27" count="0" type="stmt"/>
          <line num="28" count="0" type="stmt"/>
          <line num="29" count="0" type="stmt"/>
          <line num="30" count="0" type="stmt"/>
          <line num="32" count="0" type="stmt"/>
          <line num="33" count="0" type="stmt"/>
          <line num="34" count="0" type="stmt"/>
          <line num="35" count="0" type="stmt"/>
          <line num="36" count="0" type="stmt"/>
          <line num="41" count="4" type="stmt"/>
          <line num="42" count="4" type="stmt"/>
          <line num="53" count="1" type="stmt"/>
        </file>
        <file name="StationList.jsx" path="/vagrant/Lighthouse-Labs-Projects/odd-radio-1/src/client/components/StationList.jsx">
          <metrics statements="8" coveredstatements="7" conditionals="4" coveredconditionals="3" methods="2" coveredmethods="2"/>
          <line num="6" count="5" type="stmt"/>
          <line num="8" count="2" type="cond" truecount="1" falsecount="1"/>
          <line num="9" count="0" type="stmt"/>
          <line num="11" count="2" type="stmt"/>
          <line num="14" count="2" type="cond" truecount="2" falsecount="0"/>
          <line num="15" count="1" type="stmt"/>
          <line num="30" count="1" type="stmt"/>
          <line num="47" count="5" type="stmt"/>
        </file>
        <file name="app.jsx" path="/vagrant/Lighthouse-Labs-Projects/odd-radio-1/src/client/components/app.jsx">
          <metrics statements="53" coveredstatements="13" conditionals="10" coveredconditionals="0" methods="15" coveredmethods="3"/>
          <line num="11" count="3" type="stmt"/>
          <line num="12" count="3" type="stmt"/>
          <line num="13" count="3" type="stmt"/>
          <line num="32" count="3" type="stmt"/>
          <line num="33" count="3" type="stmt"/>
          <line num="34" count="3" type="stmt"/>
          <line num="35" count="3" type="stmt"/>
          <line num="36" count="3" type="stmt"/>
          <line num="37" count="3" type="stmt"/>
          <line num="38" count="3" type="stmt"/>
          <line num="43" count="0" type="stmt"/>
          <line num="45" count="0" type="stmt"/>
          <line num="47" count="0" type="stmt"/>
          <line num="48" count="0" type="stmt"/>
          <line num="50" count="0" type="stmt"/>
          <line num="56" count="0" type="stmt"/>
          <line num="62" count="0" type="stmt"/>
          <line num="63" count="0" type="stmt"/>
          <line num="64" count="0" type="stmt"/>
          <line num="67" count="0" type="stmt"/>
          <line num="68" count="0" type="stmt"/>
          <line num="72" count="0" type="stmt"/>
          <line num="73" count="0" type="stmt"/>
          <line num="74" count="0" type="cond" truecount="0" falsecount="2"/>
          <line num="75" count="0" type="stmt"/>
          <line num="76" count="0" type="stmt"/>
          <line num="77" count="0" type="stmt"/>
          <line num="84" count="0" type="cond" truecount="0" falsecount="2"/>
          <line num="85" count="0" type="stmt"/>
          <line num="86" count="0" type="stmt"/>
          <line num="87" count="0" type="stmt"/>
          <line num="98" count="0" type="stmt"/>
          <line num="99" count="0" type="stmt"/>
          <line num="104" count="0" type="stmt"/>
          <line num="106" count="0" type="stmt"/>
          <line num="107" count="0" type="stmt"/>
          <line num="110" count="0" type="cond" truecount="0" falsecount="2"/>
          <line num="111" count="0" type="stmt"/>
          <line num="112" count="0" type="stmt"/>
          <line num="115" count="0" type="cond" truecount="0" falsecount="2"/>
          <line num="116" count="0" type="stmt"/>
          <line num="123" count="0" type="stmt"/>
          <line num="131" count="3" type="stmt"/>
          <line num="132" count="3" type="stmt"/>
          <line num="136" count="0" type="stmt"/>
          <line num="137" count="0" type="stmt"/>
          <line num="138" count="0" type="stmt"/>
          <line num="144" count="0" type="cond" truecount="0" falsecount="2"/>
          <line num="145" count="0" type="stmt"/>
          <line num="152" count="0" type="stmt"/>
          <line num="153" count="0" type="stmt"/>
          <line num="154" count="0" type="stmt"/>
          <line num="158" count="3" type="stmt"/>
        </file>
        <file name="station.jsx" path="/vagrant/Lighthouse-Labs-Projects/odd-radio-1/src/client/components/station.jsx">
          <metrics statements="21" coveredstatements="5" conditionals="2" coveredconditionals="0" methods="4" coveredmethods="2"/>
          <line num="7" count="5" type="stmt"/>
          <line num="8" count="5" type="stmt"/>
          <line num="16" count="5" type="stmt"/>
          <line num="21" count="0" type="stmt"/>
          <line num="22" count="0" type="stmt"/>
          <line num="23" count="0" type="stmt"/>
          <line num="24" count="0" type="stmt"/>
          <line num="25" count="0" type="cond" truecount="0" falsecount="2"/>
          <line num="26" count="0" type="stmt"/>
          <line num="27" count="0" type="stmt"/>
          <line num="28" count="0" type="stmt"/>
          <line num="29" count="0" type="stmt"/>
          <line num="30" count="0" type="stmt"/>
          <line num="32" count="0" type="stmt"/>
          <line num="33" count="0" type="stmt"/>
          <line num="34" count="0" type="stmt"/>
          <line num="35" count="0" type="stmt"/>
          <line num="36" count="0" type="stmt"/>
          <line num="41" count="5" type="stmt"/>
          <line num="42" count="5" type="stmt"/>
          <line num="53" count="0" type="stmt"/>
        </file>
      </package>
      <package name="util">
        <metrics statements="7" coveredstatements="7" conditionals="0" coveredconditionals="0" methods="1" coveredmethods="1"/>
        <file name="ClientFunctions.jsx" path="/vagrant/Lighthouse-Labs-Projects/odd-radio-1/src/client/util/ClientFunctions.jsx">
          <metrics statements="7" coveredstatements="7" conditionals="0" coveredconditionals="0" methods="1" coveredmethods="1"/>
          <line num="3" count="4" type="stmt"/>
          <line num="4" count="1" type="stmt"/>
          <line num="5" count="8" type="stmt"/>
          <line num="7" count="8" type="stmt"/>
          <line num="8" count="8" type="stmt"/>
          <line num="9" count="8" type="stmt"/>
          <line num="11" count="1" type="stmt"/>
        </file>
      </package>
    </metrics>
  </project>
</coverage>
