{"/vagrant/work/odd-radio/odd-radio/src/client/components/About.jsx": {"path":"/vagrant/work/odd-radio/odd-radio/src/client/components/About.jsx","statementMap":{"0":{"start":{"line":5,"column":4},"end":{"line":16,"column":5}}},"fnMap":{"0":{"name":"(anonymous_0)","decl":{"start":{"line":4,"column":2},"end":{"line":4,"column":3}},"loc":{"start":{"line":4,"column":11},"end":{"line":17,"column":3}},"line":4}},"branchMap":{},"s":{"0":0},"f":{"0":0},"b":{},"_coverageSchema":"332fd63041d2c1bcb487cc26dd0d5f7d97098a6c","hash":"38914e257bc59006e61d7e3eec9a60c3c1bfa466"}
,"/vagrant/work/odd-radio/odd-radio/src/client/components/App.jsx": {"path":"/vagrant/work/odd-radio/odd-radio/src/client/components/App.jsx","statementMap":{"0":{"start":{"line":14,"column":4},"end":{"line":14,"column":17}},"1":{"start":{"line":15,"column":4},"end":{"line":15,"column":69}},"2":{"start":{"line":16,"column":4},"end":{"line":46,"column":71}},"3":{"start":{"line":47,"column":4},"end":{"line":47,"column":51}},"4":{"start":{"line":48,"column":4},"end":{"line":48,"column":75}},"5":{"start":{"line":49,"column":4},"end":{"line":49,"column":53}},"6":{"start":{"line":50,"column":4},"end":{"line":50,"column":57}},"7":{"start":{"line":51,"column":4},"end":{"line":51,"column":47}},"8":{"start":{"line":52,"column":4},"end":{"line":52,"column":75}},"9":{"start":{"line":53,"column":4},"end":{"line":53,"column":47}},"10":{"start":{"line":54,"column":4},"end":{"line":54,"column":51}},"11":{"start":{"line":55,"column":4},"end":{"line":55,"column":47}},"12":{"start":{"line":56,"column":4},"end":{"line":56,"column":47}},"13":{"start":{"line":57,"column":4},"end":{"line":57,"column":71}},"14":{"start":{"line":58,"column":4},"end":{"line":58,"column":59}},"15":{"start":{"line":59,"column":4},"end":{"line":59,"column":49}},"16":{"start":{"line":60,"column":4},"end":{"line":60,"column":69}},"17":{"start":{"line":61,"column":4},"end":{"line":61,"column":63}},"18":{"start":{"line":67,"column":4},"end":{"line":76,"column":9}},"19":{"start":{"line":69,"column":8},"end":{"line":69,"column":30}},"20":{"start":{"line":71,"column":8},"end":{"line":71,"column":50}},"21":{"start":{"line":73,"column":8},"end":{"line":73,"column":33}},"22":{"start":{"line":75,"column":8},"end":{"line":75,"column":41}},"23":{"start":{"line":83,"column":4},"end":{"line":85,"column":5}},"24":{"start":{"line":84,"column":6},"end":{"line":84,"column":13}},"25":{"start":{"line":87,"column":19},"end":{"line":87,"column":52}},"26":{"start":{"line":89,"column":18},"end":{"line":97,"column":5}},"27":{"start":{"line":98,"column":15},"end":{"line":98,"column":47}},"28":{"start":{"line":99,"column":4},"end":{"line":99,"column":67}},"29":{"start":{"line":101,"column":4},"end":{"line":114,"column":5}},"30":{"start":{"line":102,"column":6},"end":{"line":102,"column":23}},"31":{"start":{"line":104,"column":6},"end":{"line":113,"column":9}},"32":{"start":{"line":111,"column":10},"end":{"line":111,"column":24}},"33":{"start":{"line":112,"column":10},"end":{"line":112,"column":27}},"34":{"start":{"line":119,"column":19},"end":{"line":119,"column":52}},"35":{"start":{"line":120,"column":4},"end":{"line":137,"column":5}},"36":{"start":{"line":123,"column":6},"end":{"line":128,"column":35}},"37":{"start":{"line":128,"column":17},"end":{"line":128,"column":31}},"38":{"start":{"line":129,"column":11},"end":{"line":137,"column":5}},"39":{"start":{"line":131,"column":6},"end":{"line":136,"column":36}},"40":{"start":{"line":136,"column":17},"end":{"line":136,"column":32}},"41":{"start":{"line":142,"column":4},"end":{"line":144,"column":6}},"42":{"start":{"line":149,"column":4},"end":{"line":151,"column":6}},"43":{"start":{"line":156,"column":6},"end":{"line":156,"column":43}},"44":{"start":{"line":157,"column":6},"end":{"line":162,"column":5}},"45":{"start":{"line":158,"column":8},"end":{"line":158,"column":31}},"46":{"start":{"line":159,"column":8},"end":{"line":159,"column":37}},"47":{"start":{"line":160,"column":8},"end":{"line":160,"column":25}},"48":{"start":{"line":167,"column":18},"end":{"line":167,"column":36}},"49":{"start":{"line":168,"column":4},"end":{"line":168,"column":31}},"50":{"start":{"line":170,"column":4},"end":{"line":174,"column":7}},"51":{"start":{"line":173,"column":6},"end":{"line":173,"column":74}},"52":{"start":{"line":180,"column":23},"end":{"line":180,"column":53}},"53":{"start":{"line":181,"column":4},"end":{"line":181,"column":50}},"54":{"start":{"line":186,"column":28},"end":{"line":186,"column":58}},"55":{"start":{"line":188,"column":4},"end":{"line":209,"column":5}},"56":{"start":{"line":191,"column":6},"end":{"line":208,"column":7}},"57":{"start":{"line":192,"column":8},"end":{"line":192,"column":27}},"58":{"start":{"line":193,"column":8},"end":{"line":193,"column":15}},"59":{"start":{"line":196,"column":13},"end":{"line":208,"column":7}},"60":{"start":{"line":197,"column":32},"end":{"line":205,"column":11}},"61":{"start":{"line":207,"column":10},"end":{"line":207,"column":52}},"62":{"start":{"line":214,"column":23},"end":{"line":214,"column":80}},"63":{"start":{"line":215,"column":4},"end":{"line":215,"column":35}},"64":{"start":{"line":220,"column":25},"end":{"line":223,"column":6}},"65":{"start":{"line":221,"column":22},"end":{"line":221,"column":88}},"66":{"start":{"line":222,"column":6},"end":{"line":222,"column":48}},"67":{"start":{"line":228,"column":4},"end":{"line":232,"column":5}},"68":{"start":{"line":229,"column":6},"end":{"line":231,"column":9}},"69":{"start":{"line":237,"column":4},"end":{"line":241,"column":5}},"70":{"start":{"line":238,"column":6},"end":{"line":240,"column":9}},"71":{"start":{"line":247,"column":4},"end":{"line":251,"column":5}},"72":{"start":{"line":248,"column":20},"end":{"line":248,"column":31}},"73":{"start":{"line":250,"column":20},"end":{"line":250,"column":31}},"74":{"start":{"line":252,"column":23},"end":{"line":252,"column":55}},"75":{"start":{"line":254,"column":4},"end":{"line":257,"column":7}},"76":{"start":{"line":255,"column":6},"end":{"line":255,"column":91}},"77":{"start":{"line":262,"column":4},"end":{"line":264,"column":7}},"78":{"start":{"line":270,"column":19},"end":{"line":270,"column":91}},"79":{"start":{"line":271,"column":21},"end":{"line":271,"column":40}},"80":{"start":{"line":273,"column":4},"end":{"line":279,"column":5}},"81":{"start":{"line":274,"column":6},"end":{"line":278,"column":7}},"82":{"start":{"line":275,"column":8},"end":{"line":275,"column":50}},"83":{"start":{"line":276,"column":8},"end":{"line":276,"column":52}},"84":{"start":{"line":277,"column":8},"end":{"line":277,"column":44}},"85":{"start":{"line":286,"column":4},"end":{"line":286,"column":24}},"86":{"start":{"line":287,"column":4},"end":{"line":287,"column":26}},"87":{"start":{"line":288,"column":4},"end":{"line":288,"column":35}},"88":{"start":{"line":289,"column":4},"end":{"line":289,"column":32}},"89":{"start":{"line":290,"column":4},"end":{"line":290,"column":72}},"90":{"start":{"line":298,"column":4},"end":{"line":329,"column":6}}},"fnMap":{"0":{"name":"(anonymous_0)","decl":{"start":{"line":13,"column":2},"end":{"line":13,"column":3}},"loc":{"start":{"line":13,"column":21},"end":{"line":63,"column":3}},"line":13},"1":{"name":"(anonymous_1)","decl":{"start":{"line":66,"column":2},"end":{"line":66,"column":3}},"loc":{"start":{"line":66,"column":17},"end":{"line":78,"column":3}},"line":66},"2":{"name":"(anonymous_2)","decl":{"start":{"line":68,"column":12},"end":{"line":68,"column":13}},"loc":{"start":{"line":68,"column":26},"end":{"line":70,"column":7}},"line":68},"3":{"name":"(anonymous_3)","decl":{"start":{"line":70,"column":14},"end":{"line":70,"column":15}},"loc":{"start":{"line":70,"column":24},"end":{"line":72,"column":7}},"line":70},"4":{"name":"(anonymous_4)","decl":{"start":{"line":72,"column":14},"end":{"line":72,"column":15}},"loc":{"start":{"line":72,"column":20},"end":{"line":74,"column":7}},"line":72},"5":{"name":"(anonymous_5)","decl":{"start":{"line":74,"column":15},"end":{"line":74,"column":16}},"loc":{"start":{"line":74,"column":23},"end":{"line":76,"column":7}},"line":74},"6":{"name":"(anonymous_6)","decl":{"start":{"line":81,"column":2},"end":{"line":81,"column":3}},"loc":{"start":{"line":81,"column":33},"end":{"line":115,"column":3}},"line":81},"7":{"name":"(anonymous_7)","decl":{"start":{"line":110,"column":11},"end":{"line":110,"column":12}},"loc":{"start":{"line":110,"column":17},"end":{"line":113,"column":7}},"line":110},"8":{"name":"(anonymous_8)","decl":{"start":{"line":118,"column":2},"end":{"line":118,"column":3}},"loc":{"start":{"line":118,"column":14},"end":{"line":138,"column":3}},"line":118},"9":{"name":"(anonymous_9)","decl":{"start":{"line":128,"column":9},"end":{"line":128,"column":10}},"loc":{"start":{"line":128,"column":15},"end":{"line":128,"column":33}},"line":128},"10":{"name":"(anonymous_10)","decl":{"start":{"line":136,"column":9},"end":{"line":136,"column":10}},"loc":{"start":{"line":136,"column":15},"end":{"line":136,"column":34}},"line":136},"11":{"name":"(anonymous_11)","decl":{"start":{"line":141,"column":2},"end":{"line":141,"column":3}},"loc":{"start":{"line":141,"column":17},"end":{"line":145,"column":3}},"line":141},"12":{"name":"(anonymous_12)","decl":{"start":{"line":148,"column":2},"end":{"line":148,"column":3}},"loc":{"start":{"line":148,"column":15},"end":{"line":152,"column":3}},"line":148},"13":{"name":"(anonymous_13)","decl":{"start":{"line":155,"column":2},"end":{"line":155,"column":3}},"loc":{"start":{"line":155,"column":25},"end":{"line":163,"column":3}},"line":155},"14":{"name":"(anonymous_14)","decl":{"start":{"line":166,"column":2},"end":{"line":166,"column":3}},"loc":{"start":{"line":166,"column":32},"end":{"line":176,"column":3}},"line":166},"15":{"name":"(anonymous_15)","decl":{"start":{"line":172,"column":7},"end":{"line":172,"column":8}},"loc":{"start":{"line":172,"column":13},"end":{"line":174,"column":5}},"line":172},"16":{"name":"(anonymous_16)","decl":{"start":{"line":179,"column":2},"end":{"line":179,"column":3}},"loc":{"start":{"line":179,"column":28},"end":{"line":182,"column":3}},"line":179},"17":{"name":"(anonymous_17)","decl":{"start":{"line":185,"column":2},"end":{"line":185,"column":3}},"loc":{"start":{"line":185,"column":16},"end":{"line":210,"column":3}},"line":185},"18":{"name":"(anonymous_18)","decl":{"start":{"line":213,"column":2},"end":{"line":213,"column":3}},"loc":{"start":{"line":213,"column":14},"end":{"line":216,"column":3}},"line":213},"19":{"name":"(anonymous_19)","decl":{"start":{"line":219,"column":2},"end":{"line":219,"column":3}},"loc":{"start":{"line":219,"column":19},"end":{"line":224,"column":3}},"line":219},"20":{"name":"(anonymous_20)","decl":{"start":{"line":220,"column":59},"end":{"line":220,"column":60}},"loc":{"start":{"line":220,"column":65},"end":{"line":223,"column":5}},"line":220},"21":{"name":"(anonymous_21)","decl":{"start":{"line":227,"column":2},"end":{"line":227,"column":3}},"loc":{"start":{"line":227,"column":28},"end":{"line":233,"column":3}},"line":227},"22":{"name":"(anonymous_22)","decl":{"start":{"line":236,"column":2},"end":{"line":236,"column":3}},"loc":{"start":{"line":236,"column":25},"end":{"line":242,"column":3}},"line":236},"23":{"name":"(anonymous_23)","decl":{"start":{"line":246,"column":2},"end":{"line":246,"column":3}},"loc":{"start":{"line":246,"column":50},"end":{"line":258,"column":3}},"line":246},"24":{"name":"(anonymous_24)","decl":{"start":{"line":254,"column":60},"end":{"line":254,"column":61}},"loc":{"start":{"line":254,"column":66},"end":{"line":257,"column":5}},"line":254},"25":{"name":"(anonymous_25)","decl":{"start":{"line":261,"column":2},"end":{"line":261,"column":3}},"loc":{"start":{"line":261,"column":20},"end":{"line":265,"column":3}},"line":261},"26":{"name":"(anonymous_26)","decl":{"start":{"line":269,"column":2},"end":{"line":269,"column":3}},"loc":{"start":{"line":269,"column":22},"end":{"line":280,"column":3}},"line":269},"27":{"name":"(anonymous_27)","decl":{"start":{"line":285,"column":2},"end":{"line":285,"column":3}},"loc":{"start":{"line":285,"column":22},"end":{"line":292,"column":3}},"line":285},"28":{"name":"(anonymous_28)","decl":{"start":{"line":297,"column":2},"end":{"line":297,"column":3}},"loc":{"start":{"line":297,"column":11},"end":{"line":330,"column":3}},"line":297}},"branchMap":{"0":{"loc":{"start":{"line":83,"column":4},"end":{"line":85,"column":5}},"type":"if","locations":[{"start":{"line":83,"column":4},"end":{"line":85,"column":5}},{"start":{"line":83,"column":4},"end":{"line":85,"column":5}}],"line":83},"1":{"loc":{"start":{"line":101,"column":4},"end":{"line":114,"column":5}},"type":"if","locations":[{"start":{"line":101,"column":4},"end":{"line":114,"column":5}},{"start":{"line":101,"column":4},"end":{"line":114,"column":5}}],"line":101},"2":{"loc":{"start":{"line":120,"column":4},"end":{"line":137,"column":5}},"type":"if","locations":[{"start":{"line":120,"column":4},"end":{"line":137,"column":5}},{"start":{"line":120,"column":4},"end":{"line":137,"column":5}}],"line":120},"3":{"loc":{"start":{"line":129,"column":11},"end":{"line":137,"column":5}},"type":"if","locations":[{"start":{"line":129,"column":11},"end":{"line":137,"column":5}},{"start":{"line":129,"column":11},"end":{"line":137,"column":5}}],"line":129},"4":{"loc":{"start":{"line":157,"column":6},"end":{"line":162,"column":5}},"type":"if","locations":[{"start":{"line":157,"column":6},"end":{"line":162,"column":5}},{"start":{"line":157,"column":6},"end":{"line":162,"column":5}}],"line":157},"5":{"loc":{"start":{"line":191,"column":6},"end":{"line":208,"column":7}},"type":"if","locations":[{"start":{"line":191,"column":6},"end":{"line":208,"column":7}},{"start":{"line":191,"column":6},"end":{"line":208,"column":7}}],"line":191},"6":{"loc":{"start":{"line":196,"column":13},"end":{"line":208,"column":7}},"type":"if","locations":[{"start":{"line":196,"column":13},"end":{"line":208,"column":7}},{"start":{"line":196,"column":13},"end":{"line":208,"column":7}}],"line":196},"7":{"loc":{"start":{"line":228,"column":4},"end":{"line":232,"column":5}},"type":"if","locations":[{"start":{"line":228,"column":4},"end":{"line":232,"column":5}},{"start":{"line":228,"column":4},"end":{"line":232,"column":5}}],"line":228},"8":{"loc":{"start":{"line":237,"column":4},"end":{"line":241,"column":5}},"type":"if","locations":[{"start":{"line":237,"column":4},"end":{"line":241,"column":5}},{"start":{"line":237,"column":4},"end":{"line":241,"column":5}}],"line":237},"9":{"loc":{"start":{"line":247,"column":4},"end":{"line":251,"column":5}},"type":"if","locations":[{"start":{"line":247,"column":4},"end":{"line":251,"column":5}},{"start":{"line":247,"column":4},"end":{"line":251,"column":5}}],"line":247},"10":{"loc":{"start":{"line":274,"column":6},"end":{"line":278,"column":7}},"type":"if","locations":[{"start":{"line":274,"column":6},"end":{"line":278,"column":7}},{"start":{"line":274,"column":6},"end":{"line":278,"column":7}}],"line":274}},"s":{"0":1,"1":1,"2":1,"3":1,"4":1,"5":1,"6":1,"7":1,"8":1,"9":1,"10":1,"11":1,"12":1,"13":1,"14":1,"15":1,"16":1,"17":1,"18":1,"19":1,"20":1,"21":1,"22":0,"23":0,"24":0,"25":0,"26":0,"27":0,"28":0,"29":0,"30":0,"31":0,"32":0,"33":0,"34":0,"35":0,"36":0,"37":0,"38":0,"39":0,"40":0,"41":0,"42":0,"43":0,"44":0,"45":0,"46":0,"47":0,"48":0,"49":0,"50":0,"51":0,"52":0,"53":0,"54":0,"55":0,"56":0,"57":0,"58":0,"59":0,"60":0,"61":0,"62":2,"63":2,"64":1,"65":0,"66":0,"67":1,"68":0,"69":1,"70":0,"71":0,"72":0,"73":0,"74":0,"75":0,"76":0,"77":0,"78":1,"79":1,"80":1,"81":2,"82":0,"83":0,"84":0,"85":1,"86":1,"87":1,"88":1,"89":1,"90":2},"f":{"0":1,"1":1,"2":1,"3":1,"4":1,"5":0,"6":0,"7":0,"8":0,"9":0,"10":0,"11":0,"12":0,"13":0,"14":0,"15":0,"16":0,"17":0,"18":2,"19":1,"20":0,"21":1,"22":1,"23":0,"24":0,"25":0,"26":1,"27":1,"28":2},"b":{"0":[0,0],"1":[0,0],"2":[0,0],"3":[0,0],"4":[0,0],"5":[0,0],"6":[0,0],"7":[0,1],"8":[0,1],"9":[0,0],"10":[0,2]},"_coverageSchema":"332fd63041d2c1bcb487cc26dd0d5f7d97098a6c","hash":"39fff6e72cb1f904eb735da7d908367c3734fa07"}
,"/vagrant/work/odd-radio/odd-radio/src/client/components/AudioPlayer.jsx": {"path":"/vagrant/work/odd-radio/odd-radio/src/client/components/AudioPlayer.jsx","statementMap":{"0":{"start":{"line":10,"column":4},"end":{"line":10,"column":17}},"1":{"start":{"line":11,"column":4},"end":{"line":16,"column":47}},"2":{"start":{"line":17,"column":4},"end":{"line":17,"column":47}},"3":{"start":{"line":18,"column":4},"end":{"line":18,"column":51}},"4":{"start":{"line":24,"column":17},"end":{"line":24,"column":50}},"5":{"start":{"line":26,"column":4},"end":{"line":30,"column":6}},"6":{"start":{"line":29,"column":6},"end":{"line":29,"column":40}},"7":{"start":{"line":35,"column":17},"end":{"line":35,"column":50}},"8":{"start":{"line":37,"column":4},"end":{"line":50,"column":5}},"9":{"start":{"line":38,"column":6},"end":{"line":43,"column":9}},"10":{"start":{"line":42,"column":8},"end":{"line":42,"column":42}},"11":{"start":{"line":45,"column":6},"end":{"line":49,"column":9}},"12":{"start":{"line":48,"column":8},"end":{"line":48,"column":42}},"13":{"start":{"line":54,"column":4},"end":{"line":56,"column":7}},"14":{"start":{"line":63,"column":2},"end":{"line":63,"column":53}},"15":{"start":{"line":68,"column":4},"end":{"line":103,"column":6}},"16":{"start":{"line":70,"column":48},"end":{"line":70,"column":73}},"17":{"start":{"line":70,"column":95},"end":{"line":70,"column":118}}},"fnMap":{"0":{"name":"(anonymous_0)","decl":{"start":{"line":9,"column":2},"end":{"line":9,"column":3}},"loc":{"start":{"line":9,"column":21},"end":{"line":20,"column":3}},"line":9},"1":{"name":"(anonymous_1)","decl":{"start":{"line":23,"column":2},"end":{"line":23,"column":3}},"loc":{"start":{"line":23,"column":19},"end":{"line":31,"column":3}},"line":23},"2":{"name":"(anonymous_2)","decl":{"start":{"line":28,"column":7},"end":{"line":28,"column":8}},"loc":{"start":{"line":28,"column":13},"end":{"line":30,"column":5}},"line":28},"3":{"name":"(anonymous_3)","decl":{"start":{"line":34,"column":2},"end":{"line":34,"column":3}},"loc":{"start":{"line":34,"column":14},"end":{"line":51,"column":3}},"line":34},"4":{"name":"(anonymous_4)","decl":{"start":{"line":41,"column":9},"end":{"line":41,"column":10}},"loc":{"start":{"line":41,"column":15},"end":{"line":43,"column":7}},"line":41},"5":{"name":"(anonymous_5)","decl":{"start":{"line":47,"column":9},"end":{"line":47,"column":10}},"loc":{"start":{"line":47,"column":15},"end":{"line":49,"column":7}},"line":47},"6":{"name":"(anonymous_6)","decl":{"start":{"line":53,"column":2},"end":{"line":53,"column":3}},"loc":{"start":{"line":53,"column":16},"end":{"line":58,"column":3}},"line":53},"7":{"name":"(anonymous_7)","decl":{"start":{"line":62,"column":2},"end":{"line":62,"column":3}},"loc":{"start":{"line":62,"column":22},"end":{"line":65,"column":3}},"line":62},"8":{"name":"(anonymous_8)","decl":{"start":{"line":67,"column":2},"end":{"line":67,"column":3}},"loc":{"start":{"line":67,"column":11},"end":{"line":104,"column":3}},"line":67},"9":{"name":"(anonymous_9)","decl":{"start":{"line":70,"column":41},"end":{"line":70,"column":42}},"loc":{"start":{"line":70,"column":48},"end":{"line":70,"column":73}},"line":70},"10":{"name":"(anonymous_10)","decl":{"start":{"line":70,"column":88},"end":{"line":70,"column":89}},"loc":{"start":{"line":70,"column":95},"end":{"line":70,"column":118}},"line":70}},"branchMap":{"0":{"loc":{"start":{"line":37,"column":4},"end":{"line":50,"column":5}},"type":"if","locations":[{"start":{"line":37,"column":4},"end":{"line":50,"column":5}},{"start":{"line":37,"column":4},"end":{"line":50,"column":5}}],"line":37},"1":{"loc":{"start":{"line":74,"column":10},"end":{"line":75,"column":160}},"type":"binary-expr","locations":[{"start":{"line":74,"column":10},"end":{"line":74,"column":32}},{"start":{"line":75,"column":10},"end":{"line":75,"column":160}}],"line":74},"2":{"loc":{"start":{"line":83,"column":16},"end":{"line":86,"column":22}},"type":"binary-expr","locations":[{"start":{"line":83,"column":16},"end":{"line":83,"column":38}},{"start":{"line":84,"column":16},"end":{"line":86,"column":22}}],"line":83},"3":{"loc":{"start":{"line":89,"column":15},"end":{"line":92,"column":22}},"type":"binary-expr","locations":[{"start":{"line":89,"column":15},"end":{"line":89,"column":37}},{"start":{"line":90,"column":16},"end":{"line":92,"column":22}}],"line":89}},"s":{"0":2,"1":2,"2":2,"3":2,"4":0,"5":0,"6":0,"7":0,"8":0,"9":0,"10":0,"11":0,"12":0,"13":0,"14":1,"15":3,"16":0,"17":0},"f":{"0":2,"1":0,"2":0,"3":0,"4":0,"5":0,"6":0,"7":1,"8":3,"9":0,"10":0},"b":{"0":[0,0],"1":[3,3],"2":[3,3],"3":[3,0]},"_coverageSchema":"332fd63041d2c1bcb487cc26dd0d5f7d97098a6c","hash":"1c243db6c48d2c069b9ea7c77411ee7f1678b89d"}
,"/vagrant/work/odd-radio/odd-radio/src/client/components/Background.jsx": {"path":"/vagrant/work/odd-radio/odd-radio/src/client/components/Background.jsx","statementMap":{"0":{"start":{"line":5,"column":4},"end":{"line":8,"column":9}}},"fnMap":{"0":{"name":"(anonymous_0)","decl":{"start":{"line":4,"column":2},"end":{"line":4,"column":3}},"loc":{"start":{"line":4,"column":11},"end":{"line":9,"column":5}},"line":4}},"branchMap":{},"s":{"0":2},"f":{"0":2},"b":{},"_coverageSchema":"332fd63041d2c1bcb487cc26dd0d5f7d97098a6c","hash":"9663f10a57bc73c1396305257464ac9ed7688a5a"}
,"/vagrant/work/odd-radio/odd-radio/src/client/components/Contact.jsx": {"path":"/vagrant/work/odd-radio/odd-radio/src/client/components/Contact.jsx","statementMap":{"0":{"start":{"line":5,"column":4},"end":{"line":18,"column":5}}},"fnMap":{"0":{"name":"(anonymous_0)","decl":{"start":{"line":4,"column":2},"end":{"line":4,"column":3}},"loc":{"start":{"line":4,"column":11},"end":{"line":19,"column":3}},"line":4}},"branchMap":{},"s":{"0":0},"f":{"0":0},"b":{},"_coverageSchema":"332fd63041d2c1bcb487cc26dd0d5f7d97098a6c","hash":"8095c4ce4ebd0e0a061558700953688f067531dc"}
,"/vagrant/work/odd-radio/odd-radio/src/client/components/Loader.jsx": {"path":"/vagrant/work/odd-radio/odd-radio/src/client/components/Loader.jsx","statementMap":{"0":{"start":{"line":5,"column":4},"end":{"line":9,"column":6}}},"fnMap":{"0":{"name":"(anonymous_0)","decl":{"start":{"line":4,"column":2},"end":{"line":4,"column":3}},"loc":{"start":{"line":4,"column":10},"end":{"line":10,"column":3}},"line":4}},"branchMap":{},"s":{"0":2},"f":{"0":2},"b":{},"_coverageSchema":"332fd63041d2c1bcb487cc26dd0d5f7d97098a6c","hash":"2b8c57284bd14b2e80c83580791f3d6cf3dfd08b"}
,"/vagrant/work/odd-radio/odd-radio/src/client/components/Masthead.jsx": {"path":"/vagrant/work/odd-radio/odd-radio/src/client/components/Masthead.jsx","statementMap":{"0":{"start":{"line":8,"column":4},"end":{"line":8,"column":17}},"1":{"start":{"line":9,"column":4},"end":{"line":11,"column":5}},"2":{"start":{"line":15,"column":4},"end":{"line":19,"column":5}},"3":{"start":{"line":16,"column":6},"end":{"line":18,"column":8}},"4":{"start":{"line":20,"column":4},"end":{"line":24,"column":5}},"5":{"start":{"line":21,"column":6},"end":{"line":23,"column":9}},"6":{"start":{"line":29,"column":4},"end":{"line":50,"column":6}},"7":{"start":{"line":32,"column":68},"end":{"line":32,"column":92}},"8":{"start":{"line":35,"column":68},"end":{"line":35,"column":94}},"9":{"start":{"line":38,"column":68},"end":{"line":38,"column":91}}},"fnMap":{"0":{"name":"(anonymous_0)","decl":{"start":{"line":7,"column":2},"end":{"line":7,"column":3}},"loc":{"start":{"line":7,"column":20},"end":{"line":12,"column":3}},"line":7},"1":{"name":"(anonymous_1)","decl":{"start":{"line":14,"column":2},"end":{"line":14,"column":3}},"loc":{"start":{"line":14,"column":21},"end":{"line":25,"column":3}},"line":14},"2":{"name":"(anonymous_2)","decl":{"start":{"line":28,"column":2},"end":{"line":28,"column":3}},"loc":{"start":{"line":28,"column":10},"end":{"line":51,"column":3}},"line":28},"3":{"name":"(anonymous_3)","decl":{"start":{"line":32,"column":61},"end":{"line":32,"column":62}},"loc":{"start":{"line":32,"column":68},"end":{"line":32,"column":92}},"line":32},"4":{"name":"(anonymous_4)","decl":{"start":{"line":35,"column":61},"end":{"line":35,"column":62}},"loc":{"start":{"line":35,"column":68},"end":{"line":35,"column":94}},"line":35},"5":{"name":"(anonymous_5)","decl":{"start":{"line":38,"column":61},"end":{"line":38,"column":62}},"loc":{"start":{"line":38,"column":68},"end":{"line":38,"column":91}},"line":38}},"branchMap":{"0":{"loc":{"start":{"line":15,"column":4},"end":{"line":19,"column":5}},"type":"if","locations":[{"start":{"line":15,"column":4},"end":{"line":19,"column":5}},{"start":{"line":15,"column":4},"end":{"line":19,"column":5}}],"line":15},"1":{"loc":{"start":{"line":20,"column":4},"end":{"line":24,"column":5}},"type":"if","locations":[{"start":{"line":20,"column":4},"end":{"line":24,"column":5}},{"start":{"line":20,"column":4},"end":{"line":24,"column":5}}],"line":20},"2":{"loc":{"start":{"line":44,"column":14},"end":{"line":44,"column":58}},"type":"binary-expr","locations":[{"start":{"line":44,"column":14},"end":{"line":44,"column":45}},{"start":{"line":44,"column":49},"end":{"line":44,"column":58}}],"line":44},"3":{"loc":{"start":{"line":45,"column":14},"end":{"line":45,"column":62}},"type":"binary-expr","locations":[{"start":{"line":45,"column":14},"end":{"line":45,"column":47}},{"start":{"line":45,"column":51},"end":{"line":45,"column":62}}],"line":45},"4":{"loc":{"start":{"line":46,"column":14},"end":{"line":46,"column":56}},"type":"binary-expr","locations":[{"start":{"line":46,"column":14},"end":{"line":46,"column":44}},{"start":{"line":46,"column":48},"end":{"line":46,"column":56}}],"line":46}},"s":{"0":2,"1":2,"2":0,"3":0,"4":0,"5":0,"6":3,"7":0,"8":0,"9":0},"f":{"0":2,"1":0,"2":3,"3":0,"4":0,"5":0},"b":{"0":[0,0],"1":[0,0],"2":[3,0],"3":[3,0],"4":[3,0]},"_coverageSchema":"332fd63041d2c1bcb487cc26dd0d5f7d97098a6c","hash":"251e4515d6d93036fe7f5168a9fae56c2d8e4e32"}
,"/vagrant/work/odd-radio/odd-radio/src/client/components/MuteButton.jsx": {"path":"/vagrant/work/odd-radio/odd-radio/src/client/components/MuteButton.jsx","statementMap":{"0":{"start":{"line":5,"column":4},"end":{"line":17,"column":5}},"1":{"start":{"line":6,"column":6},"end":{"line":10,"column":7}},"2":{"start":{"line":8,"column":73},"end":{"line":8,"column":99}},"3":{"start":{"line":12,"column":6},"end":{"line":16,"column":7}},"4":{"start":{"line":14,"column":74},"end":{"line":14,"column":100}}},"fnMap":{"0":{"name":"(anonymous_0)","decl":{"start":{"line":4,"column":2},"end":{"line":4,"column":3}},"loc":{"start":{"line":4,"column":11},"end":{"line":18,"column":3}},"line":4},"1":{"name":"(anonymous_1)","decl":{"start":{"line":8,"column":66},"end":{"line":8,"column":67}},"loc":{"start":{"line":8,"column":73},"end":{"line":8,"column":99}},"line":8},"2":{"name":"(anonymous_2)","decl":{"start":{"line":14,"column":67},"end":{"line":14,"column":68}},"loc":{"start":{"line":14,"column":74},"end":{"line":14,"column":100}},"line":14}},"branchMap":{"0":{"loc":{"start":{"line":5,"column":4},"end":{"line":17,"column":5}},"type":"if","locations":[{"start":{"line":5,"column":4},"end":{"line":17,"column":5}},{"start":{"line":5,"column":4},"end":{"line":17,"column":5}}],"line":5}},"s":{"0":8,"1":6,"2":1,"3":2,"4":1},"f":{"0":8,"1":1,"2":1},"b":{"0":[6,2]},"_coverageSchema":"332fd63041d2c1bcb487cc26dd0d5f7d97098a6c","hash":"6f3da1f5ed0f36862396db65e3e0f9a1232105c7"}
,"/vagrant/work/odd-radio/odd-radio/src/client/components/PlayerButtons.jsx": {"path":"/vagrant/work/odd-radio/odd-radio/src/client/components/PlayerButtons.jsx","statementMap":{"0":{"start":{"line":7,"column":4},"end":{"line":28,"column":5}},"1":{"start":{"line":8,"column":6},"end":{"line":10,"column":8}},"2":{"start":{"line":12,"column":9},"end":{"line":28,"column":5}},"3":{"start":{"line":13,"column":4},"end":{"line":19,"column":6}},"4":{"start":{"line":16,"column":81},"end":{"line":16,"column":124}},"5":{"start":{"line":21,"column":6},"end":{"line":27,"column":8}},"6":{"start":{"line":24,"column":79},"end":{"line":24,"column":122}}},"fnMap":{"0":{"name":"(anonymous_0)","decl":{"start":{"line":5,"column":2},"end":{"line":5,"column":3}},"loc":{"start":{"line":5,"column":10},"end":{"line":29,"column":3}},"line":5},"1":{"name":"(anonymous_1)","decl":{"start":{"line":16,"column":74},"end":{"line":16,"column":75}},"loc":{"start":{"line":16,"column":81},"end":{"line":16,"column":124}},"line":16},"2":{"name":"(anonymous_2)","decl":{"start":{"line":24,"column":72},"end":{"line":24,"column":73}},"loc":{"start":{"line":24,"column":79},"end":{"line":24,"column":122}},"line":24}},"branchMap":{"0":{"loc":{"start":{"line":7,"column":4},"end":{"line":28,"column":5}},"type":"if","locations":[{"start":{"line":7,"column":4},"end":{"line":28,"column":5}},{"start":{"line":7,"column":4},"end":{"line":28,"column":5}}],"line":7},"1":{"loc":{"start":{"line":7,"column":7},"end":{"line":7,"column":59}},"type":"binary-expr","locations":[{"start":{"line":7,"column":7},"end":{"line":7,"column":31}},{"start":{"line":7,"column":35},"end":{"line":7,"column":59}}],"line":7},"2":{"loc":{"start":{"line":12,"column":9},"end":{"line":28,"column":5}},"type":"if","locations":[{"start":{"line":12,"column":9},"end":{"line":28,"column":5}},{"start":{"line":12,"column":9},"end":{"line":28,"column":5}}],"line":12},"3":{"loc":{"start":{"line":12,"column":13},"end":{"line":12,"column":71}},"type":"binary-expr","locations":[{"start":{"line":12,"column":13},"end":{"line":12,"column":37}},{"start":{"line":12,"column":41},"end":{"line":12,"column":71}}],"line":12}},"s":{"0":16,"1":1,"2":15,"3":5,"4":1,"5":10,"6":0},"f":{"0":16,"1":1,"2":0},"b":{"0":[1,15],"1":[16,9],"2":[5,10],"3":[15,8]},"_coverageSchema":"332fd63041d2c1bcb487cc26dd0d5f7d97098a6c","hash":"717e39423535ca169985b17ac84a82f46c07bea4"}
,"/vagrant/work/odd-radio/odd-radio/src/client/components/Presets.jsx": {"path":"/vagrant/work/odd-radio/odd-radio/src/client/components/Presets.jsx","statementMap":{"0":{"start":{"line":5,"column":4},"end":{"line":5,"column":17}},"1":{"start":{"line":9,"column":4},"end":{"line":32,"column":6}},"2":{"start":{"line":15,"column":93},"end":{"line":15,"column":141}},"3":{"start":{"line":18,"column":96},"end":{"line":18,"column":144}},"4":{"start":{"line":21,"column":91},"end":{"line":21,"column":141}},"5":{"start":{"line":24,"column":91},"end":{"line":24,"column":140}},"6":{"start":{"line":27,"column":78},"end":{"line":27,"column":127}}},"fnMap":{"0":{"name":"(anonymous_0)","decl":{"start":{"line":4,"column":2},"end":{"line":4,"column":3}},"loc":{"start":{"line":4,"column":20},"end":{"line":6,"column":3}},"line":4},"1":{"name":"(anonymous_1)","decl":{"start":{"line":8,"column":2},"end":{"line":8,"column":3}},"loc":{"start":{"line":8,"column":11},"end":{"line":33,"column":3}},"line":8},"2":{"name":"(anonymous_2)","decl":{"start":{"line":15,"column":86},"end":{"line":15,"column":87}},"loc":{"start":{"line":15,"column":93},"end":{"line":15,"column":141}},"line":15},"3":{"name":"(anonymous_3)","decl":{"start":{"line":18,"column":89},"end":{"line":18,"column":90}},"loc":{"start":{"line":18,"column":96},"end":{"line":18,"column":144}},"line":18},"4":{"name":"(anonymous_4)","decl":{"start":{"line":21,"column":84},"end":{"line":21,"column":85}},"loc":{"start":{"line":21,"column":91},"end":{"line":21,"column":141}},"line":21},"5":{"name":"(anonymous_5)","decl":{"start":{"line":24,"column":84},"end":{"line":24,"column":85}},"loc":{"start":{"line":24,"column":91},"end":{"line":24,"column":140}},"line":24},"6":{"name":"(anonymous_6)","decl":{"start":{"line":27,"column":71},"end":{"line":27,"column":72}},"loc":{"start":{"line":27,"column":78},"end":{"line":27,"column":127}},"line":27}},"branchMap":{"0":{"loc":{"start":{"line":16,"column":20},"end":{"line":16,"column":87}},"type":"cond-expr","locations":[{"start":{"line":16,"column":50},"end":{"line":16,"column":77}},{"start":{"line":16,"column":80},"end":{"line":16,"column":87}}],"line":16},"1":{"loc":{"start":{"line":19,"column":20},"end":{"line":19,"column":87}},"type":"cond-expr","locations":[{"start":{"line":19,"column":50},"end":{"line":19,"column":77}},{"start":{"line":19,"column":80},"end":{"line":19,"column":87}}],"line":19},"2":{"loc":{"start":{"line":22,"column":20},"end":{"line":22,"column":91}},"type":"cond-expr","locations":[{"start":{"line":22,"column":52},"end":{"line":22,"column":81}},{"start":{"line":22,"column":84},"end":{"line":22,"column":91}}],"line":22},"3":{"loc":{"start":{"line":25,"column":20},"end":{"line":25,"column":89}},"type":"cond-expr","locations":[{"start":{"line":25,"column":51},"end":{"line":25,"column":79}},{"start":{"line":25,"column":82},"end":{"line":25,"column":89}}],"line":25},"4":{"loc":{"start":{"line":28,"column":20},"end":{"line":28,"column":89}},"type":"cond-expr","locations":[{"start":{"line":28,"column":51},"end":{"line":28,"column":79}},{"start":{"line":28,"column":82},"end":{"line":28,"column":89}}],"line":28}},"s":{"0":2,"1":3,"2":0,"3":0,"4":0,"5":0,"6":0},"f":{"0":2,"1":3,"2":0,"3":0,"4":0,"5":0,"6":0},"b":{"0":[0,2],"1":[0,2],"2":[0,2],"3":[0,2],"4":[0,2]},"_coverageSchema":"332fd63041d2c1bcb487cc26dd0d5f7d97098a6c","hash":"ac06ab51ac9a0abee4d3748207f1ea5a283b6b69"}
,"/vagrant/work/odd-radio/odd-radio/src/client/components/SetPresets.jsx": {"path":"/vagrant/work/odd-radio/odd-radio/src/client/components/SetPresets.jsx","statementMap":{"0":{"start":{"line":6,"column":4},"end":{"line":34,"column":6}},"1":{"start":{"line":12,"column":72},"end":{"line":12,"column":123}},"2":{"start":{"line":16,"column":72},"end":{"line":16,"column":123}},"3":{"start":{"line":20,"column":72},"end":{"line":20,"column":125}},"4":{"start":{"line":24,"column":72},"end":{"line":24,"column":124}},"5":{"start":{"line":28,"column":72},"end":{"line":28,"column":124}}},"fnMap":{"0":{"name":"(anonymous_0)","decl":{"start":{"line":5,"column":2},"end":{"line":5,"column":3}},"loc":{"start":{"line":5,"column":11},"end":{"line":35,"column":3}},"line":5},"1":{"name":"(anonymous_1)","decl":{"start":{"line":12,"column":65},"end":{"line":12,"column":66}},"loc":{"start":{"line":12,"column":72},"end":{"line":12,"column":123}},"line":12},"2":{"name":"(anonymous_2)","decl":{"start":{"line":16,"column":65},"end":{"line":16,"column":66}},"loc":{"start":{"line":16,"column":72},"end":{"line":16,"column":123}},"line":16},"3":{"name":"(anonymous_3)","decl":{"start":{"line":20,"column":65},"end":{"line":20,"column":66}},"loc":{"start":{"line":20,"column":72},"end":{"line":20,"column":125}},"line":20},"4":{"name":"(anonymous_4)","decl":{"start":{"line":24,"column":65},"end":{"line":24,"column":66}},"loc":{"start":{"line":24,"column":72},"end":{"line":24,"column":124}},"line":24},"5":{"name":"(anonymous_5)","decl":{"start":{"line":28,"column":65},"end":{"line":28,"column":66}},"loc":{"start":{"line":28,"column":72},"end":{"line":28,"column":124}},"line":28}},"branchMap":{"0":{"loc":{"start":{"line":14,"column":16},"end":{"line":14,"column":83}},"type":"cond-expr","locations":[{"start":{"line":14,"column":46},"end":{"line":14,"column":73}},{"start":{"line":14,"column":76},"end":{"line":14,"column":83}}],"line":14},"1":{"loc":{"start":{"line":18,"column":16},"end":{"line":18,"column":83}},"type":"cond-expr","locations":[{"start":{"line":18,"column":46},"end":{"line":18,"column":73}},{"start":{"line":18,"column":76},"end":{"line":18,"column":83}}],"line":18},"2":{"loc":{"start":{"line":22,"column":16},"end":{"line":22,"column":87}},"type":"cond-expr","locations":[{"start":{"line":22,"column":48},"end":{"line":22,"column":77}},{"start":{"line":22,"column":80},"end":{"line":22,"column":87}}],"line":22},"3":{"loc":{"start":{"line":26,"column":16},"end":{"line":26,"column":85}},"type":"cond-expr","locations":[{"start":{"line":26,"column":47},"end":{"line":26,"column":75}},{"start":{"line":26,"column":78},"end":{"line":26,"column":85}}],"line":26},"4":{"loc":{"start":{"line":30,"column":16},"end":{"line":30,"column":85}},"type":"cond-expr","locations":[{"start":{"line":30,"column":47},"end":{"line":30,"column":75}},{"start":{"line":30,"column":78},"end":{"line":30,"column":85}}],"line":30}},"s":{"0":0,"1":0,"2":0,"3":0,"4":0,"5":0},"f":{"0":0,"1":0,"2":0,"3":0,"4":0,"5":0},"b":{"0":[0,0],"1":[0,0],"2":[0,0],"3":[0,0],"4":[0,0]},"_coverageSchema":"332fd63041d2c1bcb487cc26dd0d5f7d97098a6c","hash":"b42ebe28457867fe60d9bafcf282e8e461a84c08"}
,"/vagrant/work/odd-radio/odd-radio/src/client/components/Station.jsx": {"path":"/vagrant/work/odd-radio/odd-radio/src/client/components/Station.jsx","statementMap":{"0":{"start":{"line":10,"column":4},"end":{"line":10,"column":17}},"1":{"start":{"line":11,"column":4},"end":{"line":23,"column":5}},"2":{"start":{"line":30,"column":2},"end":{"line":33,"column":4}},"3":{"start":{"line":38,"column":4},"end":{"line":94,"column":5}},"4":{"start":{"line":39,"column":6},"end":{"line":72,"column":9}},"5":{"start":{"line":51,"column":102},"end":{"line":51,"column":130}},"6":{"start":{"line":75,"column":6},"end":{"line":93,"column":7}},"7":{"start":{"line":88,"column":104},"end":{"line":88,"column":153}}},"fnMap":{"0":{"name":"(anonymous_0)","decl":{"start":{"line":9,"column":2},"end":{"line":9,"column":3}},"loc":{"start":{"line":9,"column":21},"end":{"line":24,"column":3}},"line":9},"1":{"name":"(anonymous_1)","decl":{"start":{"line":29,"column":0},"end":{"line":29,"column":1}},"loc":{"start":{"line":29,"column":33},"end":{"line":34,"column":1}},"line":29},"2":{"name":"(anonymous_2)","decl":{"start":{"line":36,"column":2},"end":{"line":36,"column":3}},"loc":{"start":{"line":36,"column":11},"end":{"line":95,"column":3}},"line":36},"3":{"name":"(anonymous_3)","decl":{"start":{"line":51,"column":95},"end":{"line":51,"column":96}},"loc":{"start":{"line":51,"column":102},"end":{"line":51,"column":130}},"line":51},"4":{"name":"(anonymous_4)","decl":{"start":{"line":88,"column":97},"end":{"line":88,"column":98}},"loc":{"start":{"line":88,"column":104},"end":{"line":88,"column":153}},"line":88}},"branchMap":{"0":{"loc":{"start":{"line":38,"column":4},"end":{"line":94,"column":5}},"type":"if","locations":[{"start":{"line":38,"column":4},"end":{"line":94,"column":5}},{"start":{"line":38,"column":4},"end":{"line":94,"column":5}}],"line":38},"1":{"loc":{"start":{"line":38,"column":8},"end":{"line":38,"column":98}},"type":"binary-expr","locations":[{"start":{"line":38,"column":8},"end":{"line":38,"column":59}},{"start":{"line":38,"column":63},"end":{"line":38,"column":98}}],"line":38}},"s":{"0":7,"1":7,"2":0,"3":8,"4":0,"5":0,"6":8,"7":1},"f":{"0":7,"1":0,"2":8,"3":0,"4":1},"b":{"0":[0,8],"1":[8,0]},"_coverageSchema":"332fd63041d2c1bcb487cc26dd0d5f7d97098a6c","hash":"71b6c0b0618640e1f685f9cc40ad6b858ab75011"}
,"/vagrant/work/odd-radio/odd-radio/src/client/components/StationList.jsx": {"path":"/vagrant/work/odd-radio/odd-radio/src/client/components/StationList.jsx","statementMap":{"0":{"start":{"line":7,"column":4},"end":{"line":7,"column":17}},"1":{"start":{"line":12,"column":20},"end":{"line":47,"column":6}},"2":{"start":{"line":13,"column":21},"end":{"line":13,"column":26}},"3":{"start":{"line":14,"column":21},"end":{"line":14,"column":22}},"4":{"start":{"line":16,"column":6},"end":{"line":18,"column":7}},"5":{"start":{"line":17,"column":8},"end":{"line":17,"column":24}},"6":{"start":{"line":20,"column":6},"end":{"line":22,"column":7}},"7":{"start":{"line":21,"column":8},"end":{"line":21,"column":21}},"8":{"start":{"line":24,"column":6},"end":{"line":46,"column":8}},"9":{"start":{"line":49,"column":4},"end":{"line":54,"column":5}}},"fnMap":{"0":{"name":"(anonymous_0)","decl":{"start":{"line":6,"column":2},"end":{"line":6,"column":3}},"loc":{"start":{"line":6,"column":21},"end":{"line":8,"column":3}},"line":6},"1":{"name":"(anonymous_1)","decl":{"start":{"line":11,"column":2},"end":{"line":11,"column":3}},"loc":{"start":{"line":11,"column":11},"end":{"line":55,"column":3}},"line":11},"2":{"name":"(anonymous_2)","decl":{"start":{"line":12,"column":44},"end":{"line":12,"column":45}},"loc":{"start":{"line":12,"column":61},"end":{"line":47,"column":5}},"line":12}},"branchMap":{"0":{"loc":{"start":{"line":16,"column":6},"end":{"line":18,"column":7}},"type":"if","locations":[{"start":{"line":16,"column":6},"end":{"line":18,"column":7}},{"start":{"line":16,"column":6},"end":{"line":18,"column":7}}],"line":16},"1":{"loc":{"start":{"line":20,"column":6},"end":{"line":22,"column":7}},"type":"if","locations":[{"start":{"line":20,"column":6},"end":{"line":22,"column":7}},{"start":{"line":20,"column":6},"end":{"line":22,"column":7}}],"line":20}},"s":{"0":2,"1":3,"2":4,"3":4,"4":4,"5":1,"6":4,"7":2,"8":4,"9":3},"f":{"0":2,"1":3,"2":4},"b":{"0":[1,3],"1":[2,2]},"_coverageSchema":"332fd63041d2c1bcb487cc26dd0d5f7d97098a6c","hash":"20fc2cc9db938b7b052aa428d397b99a04eaf5fc"}
,"/vagrant/work/odd-radio/odd-radio/src/client/components/StationName.jsx": {"path":"/vagrant/work/odd-radio/odd-radio/src/client/components/StationName.jsx","statementMap":{"0":{"start":{"line":8,"column":4},"end":{"line":12,"column":8}},"1":{"start":{"line":10,"column":58},"end":{"line":10,"column":138}}},"fnMap":{"0":{"name":"(anonymous_0)","decl":{"start":{"line":5,"column":2},"end":{"line":5,"column":3}},"loc":{"start":{"line":5,"column":10},"end":{"line":13,"column":3}},"line":5},"1":{"name":"(anonymous_1)","decl":{"start":{"line":10,"column":51},"end":{"line":10,"column":52}},"loc":{"start":{"line":10,"column":58},"end":{"line":10,"column":138}},"line":10}},"branchMap":{},"s":{"0":8,"1":0},"f":{"0":8,"1":0},"b":{},"_coverageSchema":"332fd63041d2c1bcb487cc26dd0d5f7d97098a6c","hash":"3fd0659d6e3ba5ac94c0e8f3d0f7809e2701cf1d"}
,"/vagrant/work/odd-radio/odd-radio/src/client/components/Team.jsx": {"path":"/vagrant/work/odd-radio/odd-radio/src/client/components/Team.jsx","statementMap":{"0":{"start":{"line":5,"column":4},"end":{"line":21,"column":5}}},"fnMap":{"0":{"name":"(anonymous_0)","decl":{"start":{"line":4,"column":2},"end":{"line":4,"column":3}},"loc":{"start":{"line":4,"column":11},"end":{"line":22,"column":3}},"line":4}},"branchMap":{},"s":{"0":1},"f":{"0":1},"b":{},"_coverageSchema":"332fd63041d2c1bcb487cc26dd0d5f7d97098a6c","hash":"2ea64df3ece495e3e2302cc0a2096c8b7f13747a"}
,"/vagrant/work/odd-radio/odd-radio/src/client/components/Ticker.jsx": {"path":"/vagrant/work/odd-radio/odd-radio/src/client/components/Ticker.jsx","statementMap":{"0":{"start":{"line":5,"column":4},"end":{"line":38,"column":5}},"1":{"start":{"line":6,"column":6},"end":{"line":8,"column":8}},"2":{"start":{"line":9,"column":11},"end":{"line":38,"column":5}},"3":{"start":{"line":10,"column":6},"end":{"line":22,"column":8}},"4":{"start":{"line":24,"column":6},"end":{"line":37,"column":8}}},"fnMap":{"0":{"name":"(anonymous_0)","decl":{"start":{"line":4,"column":2},"end":{"line":4,"column":3}},"loc":{"start":{"line":4,"column":10},"end":{"line":39,"column":3}},"line":4}},"branchMap":{"0":{"loc":{"start":{"line":5,"column":4},"end":{"line":38,"column":5}},"type":"if","locations":[{"start":{"line":5,"column":4},"end":{"line":38,"column":5}},{"start":{"line":5,"column":4},"end":{"line":38,"column":5}}],"line":5},"1":{"loc":{"start":{"line":9,"column":11},"end":{"line":38,"column":5}},"type":"if","locations":[{"start":{"line":9,"column":11},"end":{"line":38,"column":5}},{"start":{"line":9,"column":11},"end":{"line":38,"column":5}}],"line":9}},"s":{"0":2,"1":2,"2":0,"3":0,"4":0},"f":{"0":2},"b":{"0":[2,0],"1":[0,0]},"_coverageSchema":"332fd63041d2c1bcb487cc26dd0d5f7d97098a6c","hash":"bf04e6b66d264463e1e6db03cd49cbbf6cef4060"}
,"/vagrant/work/odd-radio/odd-radio/src/client/components/VolumeControls.jsx": {"path":"/vagrant/work/odd-radio/odd-radio/src/client/components/VolumeControls.jsx","statementMap":{"0":{"start":{"line":6,"column":4},"end":{"line":15,"column":5}}},"fnMap":{"0":{"name":"(anonymous_0)","decl":{"start":{"line":5,"column":2},"end":{"line":5,"column":3}},"loc":{"start":{"line":5,"column":11},"end":{"line":16,"column":3}},"line":5}},"branchMap":{},"s":{"0":3},"f":{"0":3},"b":{},"_coverageSchema":"332fd63041d2c1bcb487cc26dd0d5f7d97098a6c","hash":"dbe30f051a18dec4cd11d849886adc24b61fe1f7"}
,"/vagrant/work/odd-radio/odd-radio/src/client/util/ClientFunctions.jsx": {"path":"/vagrant/work/odd-radio/odd-radio/src/client/util/ClientFunctions.jsx","statementMap":{"0":{"start":{"line":3,"column":23},"end":{"line":12,"column":1}},"1":{"start":{"line":4,"column":4},"end":{"line":10,"column":5}},"2":{"start":{"line":5,"column":16},"end":{"line":5,"column":72}},"3":{"start":{"line":7,"column":19},"end":{"line":7,"column":33}},"4":{"start":{"line":8,"column":8},"end":{"line":8,"column":40}},"5":{"start":{"line":9,"column":8},"end":{"line":9,"column":30}},"6":{"start":{"line":11,"column":4},"end":{"line":11,"column":23}}},"fnMap":{"0":{"name":"(anonymous_0)","decl":{"start":{"line":3,"column":23},"end":{"line":3,"column":24}},"loc":{"start":{"line":3,"column":46},"end":{"line":12,"column":1}},"line":3}},"branchMap":{},"s":{"0":2,"1":2,"2":9,"3":9,"4":9,"5":9,"6":2},"f":{"0":2},"b":{},"_coverageSchema":"332fd63041d2c1bcb487cc26dd0d5f7d97098a6c","hash":"ef5fcb20608a19b9161bc5b958388905e0f50ef0"}
}
