{"/vagrant/work/odd-radio/odd-radio/src/client/components/About.jsx": {"path":"/vagrant/work/odd-radio/odd-radio/src/client/components/About.jsx","statementMap":{"0":{"start":{"line":5,"column":4},"end":{"line":16,"column":5}}},"fnMap":{"0":{"name":"(anonymous_0)","decl":{"start":{"line":4,"column":2},"end":{"line":4,"column":3}},"loc":{"start":{"line":4,"column":11},"end":{"line":17,"column":3}},"line":4}},"branchMap":{},"s":{"0":0},"f":{"0":0},"b":{},"_coverageSchema":"332fd63041d2c1bcb487cc26dd0d5f7d97098a6c","hash":"38914e257bc59006e61d7e3eec9a60c3c1bfa466"}
,"/vagrant/work/odd-radio/odd-radio/src/client/components/App.jsx": {"path":"/vagrant/work/odd-radio/odd-radio/src/client/components/App.jsx","statementMap":{"0":{"start":{"line":14,"column":4},"end":{"line":14,"column":17}},"1":{"start":{"line":15,"column":4},"end":{"line":15,"column":69}},"2":{"start":{"line":16,"column":4},"end":{"line":46,"column":71}},"3":{"start":{"line":47,"column":4},"end":{"line":47,"column":51}},"4":{"start":{"line":48,"column":4},"end":{"line":48,"column":75}},"5":{"start":{"line":49,"column":4},"end":{"line":49,"column":53}},"6":{"start":{"line":50,"column":4},"end":{"line":50,"column":57}},"7":{"start":{"line":51,"column":4},"end":{"line":51,"column":47}},"8":{"start":{"line":52,"column":4},"end":{"line":52,"column":75}},"9":{"start":{"line":53,"column":4},"end":{"line":53,"column":47}},"10":{"start":{"line":54,"column":4},"end":{"line":54,"column":51}},"11":{"start":{"line":55,"column":4},"end":{"line":55,"column":47}},"12":{"start":{"line":56,"column":4},"end":{"line":56,"column":47}},"13":{"start":{"line":57,"column":4},"end":{"line":57,"column":71}},"14":{"start":{"line":58,"column":4},"end":{"line":58,"column":59}},"15":{"start":{"line":59,"column":4},"end":{"line":59,"column":49}},"16":{"start":{"line":60,"column":4},"end":{"line":60,"column":69}},"17":{"start":{"line":61,"column":4},"end":{"line":61,"column":63}},"18":{"start":{"line":67,"column":4},"end":{"line":76,"column":9}},"19":{"start":{"line":69,"column":8},"end":{"line":69,"column":30}},"20":{"start":{"line":71,"column":8},"end":{"line":71,"column":50}},"21":{"start":{"line":73,"column":8},"end":{"line":73,"column":33}},"22":{"start":{"line":75,"column":8},"end":{"line":75,"column":41}},"23":{"start":{"line":83,"column":4},"end":{"line":85,"column":5}},"24":{"start":{"line":84,"column":6},"end":{"line":84,"column":13}},"25":{"start":{"line":87,"column":17},"end":{"line":87,"column":50}},"26":{"start":{"line":89,"column":4},"end":{"line":91,"column":5}},"27":{"start":{"line":90,"column":6},"end":{"line":90,"column":37}},"28":{"start":{"line":93,"column":18},"end":{"line":101,"column":5}},"29":{"start":{"line":102,"column":15},"end":{"line":102,"column":47}},"30":{"start":{"line":103,"column":4},"end":{"line":103,"column":67}},"31":{"start":{"line":105,"column":4},"end":{"line":118,"column":5}},"32":{"start":{"line":106,"column":6},"end":{"line":106,"column":23}},"33":{"start":{"line":108,"column":6},"end":{"line":117,"column":9}},"34":{"start":{"line":115,"column":10},"end":{"line":115,"column":24}},"35":{"start":{"line":116,"column":10},"end":{"line":116,"column":27}},"36":{"start":{"line":123,"column":17},"end":{"line":123,"column":50}},"37":{"start":{"line":125,"column":4},"end":{"line":127,"column":5}},"38":{"start":{"line":126,"column":6},"end":{"line":126,"column":37}},"39":{"start":{"line":129,"column":4},"end":{"line":146,"column":5}},"40":{"start":{"line":132,"column":6},"end":{"line":137,"column":35}},"41":{"start":{"line":137,"column":17},"end":{"line":137,"column":31}},"42":{"start":{"line":138,"column":11},"end":{"line":146,"column":5}},"43":{"start":{"line":140,"column":6},"end":{"line":145,"column":36}},"44":{"start":{"line":145,"column":17},"end":{"line":145,"column":32}},"45":{"start":{"line":151,"column":4},"end":{"line":153,"column":6}},"46":{"start":{"line":158,"column":4},"end":{"line":160,"column":6}},"47":{"start":{"line":165,"column":6},"end":{"line":169,"column":5}},"48":{"start":{"line":166,"column":8},"end":{"line":166,"column":31}},"49":{"start":{"line":167,"column":8},"end":{"line":167,"column":25}},"50":{"start":{"line":174,"column":18},"end":{"line":174,"column":36}},"51":{"start":{"line":175,"column":4},"end":{"line":175,"column":31}},"52":{"start":{"line":177,"column":4},"end":{"line":181,"column":7}},"53":{"start":{"line":180,"column":6},"end":{"line":180,"column":74}},"54":{"start":{"line":187,"column":23},"end":{"line":187,"column":53}},"55":{"start":{"line":188,"column":4},"end":{"line":188,"column":50}},"56":{"start":{"line":193,"column":28},"end":{"line":193,"column":58}},"57":{"start":{"line":195,"column":4},"end":{"line":216,"column":5}},"58":{"start":{"line":198,"column":6},"end":{"line":215,"column":7}},"59":{"start":{"line":199,"column":8},"end":{"line":199,"column":27}},"60":{"start":{"line":200,"column":8},"end":{"line":200,"column":15}},"61":{"start":{"line":203,"column":13},"end":{"line":215,"column":7}},"62":{"start":{"line":204,"column":32},"end":{"line":212,"column":11}},"63":{"start":{"line":214,"column":10},"end":{"line":214,"column":52}},"64":{"start":{"line":221,"column":23},"end":{"line":221,"column":80}},"65":{"start":{"line":222,"column":4},"end":{"line":222,"column":35}},"66":{"start":{"line":227,"column":25},"end":{"line":230,"column":6}},"67":{"start":{"line":228,"column":22},"end":{"line":228,"column":88}},"68":{"start":{"line":229,"column":6},"end":{"line":229,"column":48}},"69":{"start":{"line":235,"column":4},"end":{"line":239,"column":5}},"70":{"start":{"line":236,"column":6},"end":{"line":238,"column":9}},"71":{"start":{"line":244,"column":4},"end":{"line":248,"column":5}},"72":{"start":{"line":245,"column":6},"end":{"line":247,"column":9}},"73":{"start":{"line":254,"column":4},"end":{"line":258,"column":5}},"74":{"start":{"line":255,"column":20},"end":{"line":255,"column":31}},"75":{"start":{"line":257,"column":20},"end":{"line":257,"column":31}},"76":{"start":{"line":259,"column":23},"end":{"line":259,"column":55}},"77":{"start":{"line":261,"column":4},"end":{"line":264,"column":7}},"78":{"start":{"line":262,"column":6},"end":{"line":262,"column":91}},"79":{"start":{"line":269,"column":4},"end":{"line":271,"column":7}},"80":{"start":{"line":277,"column":25},"end":{"line":277,"column":97}},"81":{"start":{"line":278,"column":21},"end":{"line":278,"column":40}},"82":{"start":{"line":280,"column":4},"end":{"line":282,"column":5}},"83":{"start":{"line":281,"column":6},"end":{"line":281,"column":49}},"84":{"start":{"line":283,"column":4},"end":{"line":289,"column":5}},"85":{"start":{"line":284,"column":6},"end":{"line":288,"column":7}},"86":{"start":{"line":285,"column":8},"end":{"line":285,"column":50}},"87":{"start":{"line":286,"column":8},"end":{"line":286,"column":52}},"88":{"start":{"line":287,"column":8},"end":{"line":287,"column":44}},"89":{"start":{"line":296,"column":4},"end":{"line":296,"column":24}},"90":{"start":{"line":297,"column":4},"end":{"line":297,"column":26}},"91":{"start":{"line":298,"column":4},"end":{"line":298,"column":35}},"92":{"start":{"line":299,"column":4},"end":{"line":299,"column":32}},"93":{"start":{"line":300,"column":4},"end":{"line":300,"column":72}},"94":{"start":{"line":308,"column":4},"end":{"line":339,"column":6}}},"fnMap":{"0":{"name":"(anonymous_0)","decl":{"start":{"line":13,"column":2},"end":{"line":13,"column":3}},"loc":{"start":{"line":13,"column":21},"end":{"line":63,"column":3}},"line":13},"1":{"name":"(anonymous_1)","decl":{"start":{"line":66,"column":2},"end":{"line":66,"column":3}},"loc":{"start":{"line":66,"column":17},"end":{"line":78,"column":3}},"line":66},"2":{"name":"(anonymous_2)","decl":{"start":{"line":68,"column":12},"end":{"line":68,"column":13}},"loc":{"start":{"line":68,"column":26},"end":{"line":70,"column":7}},"line":68},"3":{"name":"(anonymous_3)","decl":{"start":{"line":70,"column":14},"end":{"line":70,"column":15}},"loc":{"start":{"line":70,"column":24},"end":{"line":72,"column":7}},"line":70},"4":{"name":"(anonymous_4)","decl":{"start":{"line":72,"column":14},"end":{"line":72,"column":15}},"loc":{"start":{"line":72,"column":20},"end":{"line":74,"column":7}},"line":72},"5":{"name":"(anonymous_5)","decl":{"start":{"line":74,"column":15},"end":{"line":74,"column":16}},"loc":{"start":{"line":74,"column":23},"end":{"line":76,"column":7}},"line":74},"6":{"name":"(anonymous_6)","decl":{"start":{"line":81,"column":2},"end":{"line":81,"column":3}},"loc":{"start":{"line":81,"column":33},"end":{"line":119,"column":3}},"line":81},"7":{"name":"(anonymous_7)","decl":{"start":{"line":114,"column":11},"end":{"line":114,"column":12}},"loc":{"start":{"line":114,"column":17},"end":{"line":117,"column":7}},"line":114},"8":{"name":"(anonymous_8)","decl":{"start":{"line":122,"column":2},"end":{"line":122,"column":3}},"loc":{"start":{"line":122,"column":14},"end":{"line":147,"column":3}},"line":122},"9":{"name":"(anonymous_9)","decl":{"start":{"line":137,"column":9},"end":{"line":137,"column":10}},"loc":{"start":{"line":137,"column":15},"end":{"line":137,"column":33}},"line":137},"10":{"name":"(anonymous_10)","decl":{"start":{"line":145,"column":9},"end":{"line":145,"column":10}},"loc":{"start":{"line":145,"column":15},"end":{"line":145,"column":34}},"line":145},"11":{"name":"(anonymous_11)","decl":{"start":{"line":150,"column":2},"end":{"line":150,"column":3}},"loc":{"start":{"line":150,"column":17},"end":{"line":154,"column":3}},"line":150},"12":{"name":"(anonymous_12)","decl":{"start":{"line":157,"column":2},"end":{"line":157,"column":3}},"loc":{"start":{"line":157,"column":15},"end":{"line":161,"column":3}},"line":157},"13":{"name":"(anonymous_13)","decl":{"start":{"line":164,"column":2},"end":{"line":164,"column":3}},"loc":{"start":{"line":164,"column":25},"end":{"line":170,"column":3}},"line":164},"14":{"name":"(anonymous_14)","decl":{"start":{"line":173,"column":2},"end":{"line":173,"column":3}},"loc":{"start":{"line":173,"column":32},"end":{"line":183,"column":3}},"line":173},"15":{"name":"(anonymous_15)","decl":{"start":{"line":179,"column":7},"end":{"line":179,"column":8}},"loc":{"start":{"line":179,"column":13},"end":{"line":181,"column":5}},"line":179},"16":{"name":"(anonymous_16)","decl":{"start":{"line":186,"column":2},"end":{"line":186,"column":3}},"loc":{"start":{"line":186,"column":28},"end":{"line":189,"column":3}},"line":186},"17":{"name":"(anonymous_17)","decl":{"start":{"line":192,"column":2},"end":{"line":192,"column":3}},"loc":{"start":{"line":192,"column":16},"end":{"line":217,"column":3}},"line":192},"18":{"name":"(anonymous_18)","decl":{"start":{"line":220,"column":2},"end":{"line":220,"column":3}},"loc":{"start":{"line":220,"column":14},"end":{"line":223,"column":3}},"line":220},"19":{"name":"(anonymous_19)","decl":{"start":{"line":226,"column":2},"end":{"line":226,"column":3}},"loc":{"start":{"line":226,"column":19},"end":{"line":231,"column":3}},"line":226},"20":{"name":"(anonymous_20)","decl":{"start":{"line":227,"column":59},"end":{"line":227,"column":60}},"loc":{"start":{"line":227,"column":65},"end":{"line":230,"column":5}},"line":227},"21":{"name":"(anonymous_21)","decl":{"start":{"line":234,"column":2},"end":{"line":234,"column":3}},"loc":{"start":{"line":234,"column":28},"end":{"line":240,"column":3}},"line":234},"22":{"name":"(anonymous_22)","decl":{"start":{"line":243,"column":2},"end":{"line":243,"column":3}},"loc":{"start":{"line":243,"column":25},"end":{"line":249,"column":3}},"line":243},"23":{"name":"(anonymous_23)","decl":{"start":{"line":253,"column":2},"end":{"line":253,"column":3}},"loc":{"start":{"line":253,"column":50},"end":{"line":265,"column":3}},"line":253},"24":{"name":"(anonymous_24)","decl":{"start":{"line":261,"column":60},"end":{"line":261,"column":61}},"loc":{"start":{"line":261,"column":66},"end":{"line":264,"column":5}},"line":261},"25":{"name":"(anonymous_25)","decl":{"start":{"line":268,"column":2},"end":{"line":268,"column":3}},"loc":{"start":{"line":268,"column":20},"end":{"line":272,"column":3}},"line":268},"26":{"name":"(anonymous_26)","decl":{"start":{"line":276,"column":2},"end":{"line":276,"column":3}},"loc":{"start":{"line":276,"column":22},"end":{"line":290,"column":3}},"line":276},"27":{"name":"(anonymous_27)","decl":{"start":{"line":295,"column":2},"end":{"line":295,"column":3}},"loc":{"start":{"line":295,"column":22},"end":{"line":302,"column":3}},"line":295},"28":{"name":"(anonymous_28)","decl":{"start":{"line":307,"column":2},"end":{"line":307,"column":3}},"loc":{"start":{"line":307,"column":11},"end":{"line":340,"column":3}},"line":307}},"branchMap":{"0":{"loc":{"start":{"line":83,"column":4},"end":{"line":85,"column":5}},"type":"if","locations":[{"start":{"line":83,"column":4},"end":{"line":85,"column":5}},{"start":{"line":83,"column":4},"end":{"line":85,"column":5}}],"line":83},"1":{"loc":{"start":{"line":89,"column":4},"end":{"line":91,"column":5}},"type":"if","locations":[{"start":{"line":89,"column":4},"end":{"line":91,"column":5}},{"start":{"line":89,"column":4},"end":{"line":91,"column":5}}],"line":89},"2":{"loc":{"start":{"line":105,"column":4},"end":{"line":118,"column":5}},"type":"if","locations":[{"start":{"line":105,"column":4},"end":{"line":118,"column":5}},{"start":{"line":105,"column":4},"end":{"line":118,"column":5}}],"line":105},"3":{"loc":{"start":{"line":125,"column":4},"end":{"line":127,"column":5}},"type":"if","locations":[{"start":{"line":125,"column":4},"end":{"line":127,"column":5}},{"start":{"line":125,"column":4},"end":{"line":127,"column":5}}],"line":125},"4":{"loc":{"start":{"line":129,"column":4},"end":{"line":146,"column":5}},"type":"if","locations":[{"start":{"line":129,"column":4},"end":{"line":146,"column":5}},{"start":{"line":129,"column":4},"end":{"line":146,"column":5}}],"line":129},"5":{"loc":{"start":{"line":138,"column":11},"end":{"line":146,"column":5}},"type":"if","locations":[{"start":{"line":138,"column":11},"end":{"line":146,"column":5}},{"start":{"line":138,"column":11},"end":{"line":146,"column":5}}],"line":138},"6":{"loc":{"start":{"line":165,"column":6},"end":{"line":169,"column":5}},"type":"if","locations":[{"start":{"line":165,"column":6},"end":{"line":169,"column":5}},{"start":{"line":165,"column":6},"end":{"line":169,"column":5}}],"line":165},"7":{"loc":{"start":{"line":198,"column":6},"end":{"line":215,"column":7}},"type":"if","locations":[{"start":{"line":198,"column":6},"end":{"line":215,"column":7}},{"start":{"line":198,"column":6},"end":{"line":215,"column":7}}],"line":198},"8":{"loc":{"start":{"line":203,"column":13},"end":{"line":215,"column":7}},"type":"if","locations":[{"start":{"line":203,"column":13},"end":{"line":215,"column":7}},{"start":{"line":203,"column":13},"end":{"line":215,"column":7}}],"line":203},"9":{"loc":{"start":{"line":235,"column":4},"end":{"line":239,"column":5}},"type":"if","locations":[{"start":{"line":235,"column":4},"end":{"line":239,"column":5}},{"start":{"line":235,"column":4},"end":{"line":239,"column":5}}],"line":235},"10":{"loc":{"start":{"line":244,"column":4},"end":{"line":248,"column":5}},"type":"if","locations":[{"start":{"line":244,"column":4},"end":{"line":248,"column":5}},{"start":{"line":244,"column":4},"end":{"line":248,"column":5}}],"line":244},"11":{"loc":{"start":{"line":254,"column":4},"end":{"line":258,"column":5}},"type":"if","locations":[{"start":{"line":254,"column":4},"end":{"line":258,"column":5}},{"start":{"line":254,"column":4},"end":{"line":258,"column":5}}],"line":254},"12":{"loc":{"start":{"line":280,"column":4},"end":{"line":282,"column":5}},"type":"if","locations":[{"start":{"line":280,"column":4},"end":{"line":282,"column":5}},{"start":{"line":280,"column":4},"end":{"line":282,"column":5}}],"line":280},"13":{"loc":{"start":{"line":284,"column":6},"end":{"line":288,"column":7}},"type":"if","locations":[{"start":{"line":284,"column":6},"end":{"line":288,"column":7}},{"start":{"line":284,"column":6},"end":{"line":288,"column":7}}],"line":284}},"s":{"0":2,"1":2,"2":2,"3":2,"4":2,"5":2,"6":2,"7":2,"8":2,"9":2,"10":2,"11":2,"12":2,"13":2,"14":2,"15":2,"16":2,"17":2,"18":2,"19":2,"20":2,"21":2,"22":0,"23":2,"24":0,"25":2,"26":2,"27":2,"28":2,"29":2,"30":2,"31":2,"32":1,"33":1,"34":1,"35":1,"36":2,"37":2,"38":2,"39":2,"40":2,"41":2,"42":0,"43":0,"44":0,"45":0,"46":0,"47":0,"48":0,"49":0,"50":0,"51":0,"52":0,"53":0,"54":0,"55":0,"56":0,"57":0,"58":0,"59":0,"60":0,"61":0,"62":0,"63":0,"64":4,"65":4,"66":2,"67":0,"68":0,"69":2,"70":1,"71":2,"72":0,"73":0,"74":0,"75":0,"76":0,"77":0,"78":0,"79":1,"80":2,"81":2,"82":2,"83":2,"84":2,"85":4,"86":2,"87":2,"88":2,"89":2,"90":2,"91":2,"92":2,"93":2,"94":9},"f":{"0":2,"1":2,"2":2,"3":2,"4":2,"5":0,"6":2,"7":1,"8":2,"9":2,"10":0,"11":0,"12":0,"13":0,"14":0,"15":0,"16":0,"17":0,"18":4,"19":2,"20":0,"21":2,"22":2,"23":0,"24":0,"25":1,"26":2,"27":2,"28":9},"b":{"0":[0,2],"1":[2,0],"2":[1,1],"3":[2,0],"4":[2,0],"5":[0,0],"6":[0,0],"7":[0,0],"8":[0,0],"9":[1,1],"10":[0,2],"11":[0,0],"12":[2,0],"13":[2,2]},"_coverageSchema":"332fd63041d2c1bcb487cc26dd0d5f7d97098a6c","hash":"0c7b12c0f263b10df42a4f06721f5b13e7a87394"}
,"/vagrant/work/odd-radio/odd-radio/src/client/components/AudioPlayer.jsx": {"path":"/vagrant/work/odd-radio/odd-radio/src/client/components/AudioPlayer.jsx","statementMap":{"0":{"start":{"line":10,"column":4},"end":{"line":10,"column":17}},"1":{"start":{"line":11,"column":4},"end":{"line":16,"column":47}},"2":{"start":{"line":17,"column":4},"end":{"line":17,"column":47}},"3":{"start":{"line":18,"column":4},"end":{"line":18,"column":51}},"4":{"start":{"line":24,"column":17},"end":{"line":24,"column":50}},"5":{"start":{"line":26,"column":4},"end":{"line":30,"column":6}},"6":{"start":{"line":29,"column":6},"end":{"line":29,"column":40}},"7":{"start":{"line":35,"column":17},"end":{"line":35,"column":50}},"8":{"start":{"line":37,"column":4},"end":{"line":50,"column":5}},"9":{"start":{"line":38,"column":6},"end":{"line":43,"column":9}},"10":{"start":{"line":42,"column":8},"end":{"line":42,"column":42}},"11":{"start":{"line":45,"column":6},"end":{"line":49,"column":9}},"12":{"start":{"line":48,"column":8},"end":{"line":48,"column":42}},"13":{"start":{"line":54,"column":4},"end":{"line":56,"column":7}},"14":{"start":{"line":63,"column":2},"end":{"line":63,"column":53}},"15":{"start":{"line":68,"column":4},"end":{"line":104,"column":6}},"16":{"start":{"line":70,"column":48},"end":{"line":70,"column":73}},"17":{"start":{"line":70,"column":95},"end":{"line":70,"column":118}}},"fnMap":{"0":{"name":"(anonymous_0)","decl":{"start":{"line":9,"column":2},"end":{"line":9,"column":3}},"loc":{"start":{"line":9,"column":21},"end":{"line":20,"column":3}},"line":9},"1":{"name":"(anonymous_1)","decl":{"start":{"line":23,"column":2},"end":{"line":23,"column":3}},"loc":{"start":{"line":23,"column":19},"end":{"line":31,"column":3}},"line":23},"2":{"name":"(anonymous_2)","decl":{"start":{"line":28,"column":7},"end":{"line":28,"column":8}},"loc":{"start":{"line":28,"column":13},"end":{"line":30,"column":5}},"line":28},"3":{"name":"(anonymous_3)","decl":{"start":{"line":34,"column":2},"end":{"line":34,"column":3}},"loc":{"start":{"line":34,"column":14},"end":{"line":51,"column":3}},"line":34},"4":{"name":"(anonymous_4)","decl":{"start":{"line":41,"column":9},"end":{"line":41,"column":10}},"loc":{"start":{"line":41,"column":15},"end":{"line":43,"column":7}},"line":41},"5":{"name":"(anonymous_5)","decl":{"start":{"line":47,"column":9},"end":{"line":47,"column":10}},"loc":{"start":{"line":47,"column":15},"end":{"line":49,"column":7}},"line":47},"6":{"name":"(anonymous_6)","decl":{"start":{"line":53,"column":2},"end":{"line":53,"column":3}},"loc":{"start":{"line":53,"column":16},"end":{"line":58,"column":3}},"line":53},"7":{"name":"(anonymous_7)","decl":{"start":{"line":62,"column":2},"end":{"line":62,"column":3}},"loc":{"start":{"line":62,"column":22},"end":{"line":65,"column":3}},"line":62},"8":{"name":"(anonymous_8)","decl":{"start":{"line":67,"column":2},"end":{"line":67,"column":3}},"loc":{"start":{"line":67,"column":11},"end":{"line":105,"column":3}},"line":67},"9":{"name":"(anonymous_9)","decl":{"start":{"line":70,"column":41},"end":{"line":70,"column":42}},"loc":{"start":{"line":70,"column":48},"end":{"line":70,"column":73}},"line":70},"10":{"name":"(anonymous_10)","decl":{"start":{"line":70,"column":88},"end":{"line":70,"column":89}},"loc":{"start":{"line":70,"column":95},"end":{"line":70,"column":118}},"line":70}},"branchMap":{"0":{"loc":{"start":{"line":37,"column":4},"end":{"line":50,"column":5}},"type":"if","locations":[{"start":{"line":37,"column":4},"end":{"line":50,"column":5}},{"start":{"line":37,"column":4},"end":{"line":50,"column":5}}],"line":37},"1":{"loc":{"start":{"line":74,"column":10},"end":{"line":75,"column":160}},"type":"binary-expr","locations":[{"start":{"line":74,"column":10},"end":{"line":74,"column":32}},{"start":{"line":75,"column":10},"end":{"line":75,"column":160}}],"line":74},"2":{"loc":{"start":{"line":83,"column":16},"end":{"line":86,"column":22}},"type":"binary-expr","locations":[{"start":{"line":83,"column":16},"end":{"line":83,"column":38}},{"start":{"line":84,"column":16},"end":{"line":86,"column":22}}],"line":83},"3":{"loc":{"start":{"line":89,"column":15},"end":{"line":92,"column":22}},"type":"binary-expr","locations":[{"start":{"line":89,"column":15},"end":{"line":89,"column":37}},{"start":{"line":90,"column":16},"end":{"line":92,"column":22}}],"line":89}},"s":{"0":2,"1":2,"2":2,"3":2,"4":0,"5":0,"6":0,"7":0,"8":0,"9":0,"10":0,"11":0,"12":0,"13":0,"14":1,"15":5,"16":0,"17":0},"f":{"0":2,"1":0,"2":0,"3":0,"4":0,"5":0,"6":0,"7":1,"8":5,"9":0,"10":0},"b":{"0":[0,0],"1":[5,5],"2":[5,5],"3":[5,0]},"_coverageSchema":"332fd63041d2c1bcb487cc26dd0d5f7d97098a6c","hash":"f1ad5bfced2393596ca888fd5961d1cdeef6c3f4"}
,"/vagrant/work/odd-radio/odd-radio/src/client/components/Background.jsx": {"path":"/vagrant/work/odd-radio/odd-radio/src/client/components/Background.jsx","statementMap":{"0":{"start":{"line":5,"column":4},"end":{"line":8,"column":9}}},"fnMap":{"0":{"name":"(anonymous_0)","decl":{"start":{"line":4,"column":2},"end":{"line":4,"column":3}},"loc":{"start":{"line":4,"column":11},"end":{"line":9,"column":5}},"line":4}},"branchMap":{},"s":{"0":4},"f":{"0":4},"b":{},"_coverageSchema":"332fd63041d2c1bcb487cc26dd0d5f7d97098a6c","hash":"9663f10a57bc73c1396305257464ac9ed7688a5a"}
,"/vagrant/work/odd-radio/odd-radio/src/client/components/Contact.jsx": {"path":"/vagrant/work/odd-radio/odd-radio/src/client/components/Contact.jsx","statementMap":{"0":{"start":{"line":5,"column":4},"end":{"line":18,"column":5}}},"fnMap":{"0":{"name":"(anonymous_0)","decl":{"start":{"line":4,"column":2},"end":{"line":4,"column":3}},"loc":{"start":{"line":4,"column":11},"end":{"line":19,"column":3}},"line":4}},"branchMap":{},"s":{"0":1},"f":{"0":1},"b":{},"_coverageSchema":"332fd63041d2c1bcb487cc26dd0d5f7d97098a6c","hash":"8095c4ce4ebd0e0a061558700953688f067531dc"}
,"/vagrant/work/odd-radio/odd-radio/src/client/components/Loader.jsx": {"path":"/vagrant/work/odd-radio/odd-radio/src/client/components/Loader.jsx","statementMap":{"0":{"start":{"line":5,"column":4},"end":{"line":9,"column":6}}},"fnMap":{"0":{"name":"(anonymous_0)","decl":{"start":{"line":4,"column":2},"end":{"line":4,"column":3}},"loc":{"start":{"line":4,"column":10},"end":{"line":10,"column":3}},"line":4}},"branchMap":{},"s":{"0":2},"f":{"0":2},"b":{},"_coverageSchema":"332fd63041d2c1bcb487cc26dd0d5f7d97098a6c","hash":"2b8c57284bd14b2e80c83580791f3d6cf3dfd08b"}
,"/vagrant/work/odd-radio/odd-radio/src/client/components/Masthead.jsx": {"path":"/vagrant/work/odd-radio/odd-radio/src/client/components/Masthead.jsx","statementMap":{"0":{"start":{"line":8,"column":4},"end":{"line":8,"column":17}},"1":{"start":{"line":9,"column":4},"end":{"line":11,"column":5}},"2":{"start":{"line":15,"column":4},"end":{"line":19,"column":5}},"3":{"start":{"line":16,"column":6},"end":{"line":18,"column":8}},"4":{"start":{"line":20,"column":4},"end":{"line":24,"column":5}},"5":{"start":{"line":21,"column":6},"end":{"line":23,"column":9}},"6":{"start":{"line":29,"column":4},"end":{"line":50,"column":6}},"7":{"start":{"line":32,"column":68},"end":{"line":32,"column":92}},"8":{"start":{"line":35,"column":68},"end":{"line":35,"column":94}},"9":{"start":{"line":38,"column":68},"end":{"line":38,"column":91}}},"fnMap":{"0":{"name":"(anonymous_0)","decl":{"start":{"line":7,"column":2},"end":{"line":7,"column":3}},"loc":{"start":{"line":7,"column":20},"end":{"line":12,"column":3}},"line":7},"1":{"name":"(anonymous_1)","decl":{"start":{"line":14,"column":2},"end":{"line":14,"column":3}},"loc":{"start":{"line":14,"column":21},"end":{"line":25,"column":3}},"line":14},"2":{"name":"(anonymous_2)","decl":{"start":{"line":28,"column":2},"end":{"line":28,"column":3}},"loc":{"start":{"line":28,"column":10},"end":{"line":51,"column":3}},"line":28},"3":{"name":"(anonymous_3)","decl":{"start":{"line":32,"column":61},"end":{"line":32,"column":62}},"loc":{"start":{"line":32,"column":68},"end":{"line":32,"column":92}},"line":32},"4":{"name":"(anonymous_4)","decl":{"start":{"line":35,"column":61},"end":{"line":35,"column":62}},"loc":{"start":{"line":35,"column":68},"end":{"line":35,"column":94}},"line":35},"5":{"name":"(anonymous_5)","decl":{"start":{"line":38,"column":61},"end":{"line":38,"column":62}},"loc":{"start":{"line":38,"column":68},"end":{"line":38,"column":91}},"line":38}},"branchMap":{"0":{"loc":{"start":{"line":15,"column":4},"end":{"line":19,"column":5}},"type":"if","locations":[{"start":{"line":15,"column":4},"end":{"line":19,"column":5}},{"start":{"line":15,"column":4},"end":{"line":19,"column":5}}],"line":15},"1":{"loc":{"start":{"line":20,"column":4},"end":{"line":24,"column":5}},"type":"if","locations":[{"start":{"line":20,"column":4},"end":{"line":24,"column":5}},{"start":{"line":20,"column":4},"end":{"line":24,"column":5}}],"line":20},"2":{"loc":{"start":{"line":44,"column":14},"end":{"line":44,"column":58}},"type":"binary-expr","locations":[{"start":{"line":44,"column":14},"end":{"line":44,"column":45}},{"start":{"line":44,"column":49},"end":{"line":44,"column":58}}],"line":44},"3":{"loc":{"start":{"line":45,"column":14},"end":{"line":45,"column":62}},"type":"binary-expr","locations":[{"start":{"line":45,"column":14},"end":{"line":45,"column":47}},{"start":{"line":45,"column":51},"end":{"line":45,"column":62}}],"line":45},"4":{"loc":{"start":{"line":46,"column":14},"end":{"line":46,"column":56}},"type":"binary-expr","locations":[{"start":{"line":46,"column":14},"end":{"line":46,"column":44}},{"start":{"line":46,"column":48},"end":{"line":46,"column":56}}],"line":46}},"s":{"0":2,"1":2,"2":0,"3":0,"4":0,"5":0,"6":5,"7":0,"8":0,"9":0},"f":{"0":2,"1":0,"2":5,"3":0,"4":0,"5":0},"b":{"0":[0,0],"1":[0,0],"2":[5,0],"3":[5,0],"4":[5,0]},"_coverageSchema":"332fd63041d2c1bcb487cc26dd0d5f7d97098a6c","hash":"251e4515d6d93036fe7f5168a9fae56c2d8e4e32"}
,"/vagrant/work/odd-radio/odd-radio/src/client/components/MuteButton.jsx": {"path":"/vagrant/work/odd-radio/odd-radio/src/client/components/MuteButton.jsx","statementMap":{"0":{"start":{"line":5,"column":4},"end":{"line":17,"column":5}},"1":{"start":{"line":6,"column":6},"end":{"line":10,"column":7}},"2":{"start":{"line":8,"column":73},"end":{"line":8,"column":99}},"3":{"start":{"line":12,"column":6},"end":{"line":16,"column":7}},"4":{"start":{"line":14,"column":74},"end":{"line":14,"column":100}}},"fnMap":{"0":{"name":"(anonymous_0)","decl":{"start":{"line":4,"column":2},"end":{"line":4,"column":3}},"loc":{"start":{"line":4,"column":11},"end":{"line":18,"column":3}},"line":4},"1":{"name":"(anonymous_1)","decl":{"start":{"line":8,"column":66},"end":{"line":8,"column":67}},"loc":{"start":{"line":8,"column":73},"end":{"line":8,"column":99}},"line":8},"2":{"name":"(anonymous_2)","decl":{"start":{"line":14,"column":67},"end":{"line":14,"column":68}},"loc":{"start":{"line":14,"column":74},"end":{"line":14,"column":100}},"line":14}},"branchMap":{"0":{"loc":{"start":{"line":5,"column":4},"end":{"line":17,"column":5}},"type":"if","locations":[{"start":{"line":5,"column":4},"end":{"line":17,"column":5}},{"start":{"line":5,"column":4},"end":{"line":17,"column":5}}],"line":5}},"s":{"0":10,"1":8,"2":1,"3":2,"4":1},"f":{"0":10,"1":1,"2":1},"b":{"0":[8,2]},"_coverageSchema":"332fd63041d2c1bcb487cc26dd0d5f7d97098a6c","hash":"6f3da1f5ed0f36862396db65e3e0f9a1232105c7"}
,"/vagrant/work/odd-radio/odd-radio/src/client/components/PlayerButtons.jsx": {"path":"/vagrant/work/odd-radio/odd-radio/src/client/components/PlayerButtons.jsx","statementMap":{"0":{"start":{"line":7,"column":4},"end":{"line":28,"column":5}},"1":{"start":{"line":8,"column":6},"end":{"line":10,"column":8}},"2":{"start":{"line":12,"column":9},"end":{"line":28,"column":5}},"3":{"start":{"line":13,"column":4},"end":{"line":19,"column":6}},"4":{"start":{"line":16,"column":81},"end":{"line":16,"column":124}},"5":{"start":{"line":21,"column":6},"end":{"line":27,"column":8}},"6":{"start":{"line":24,"column":79},"end":{"line":24,"column":122}}},"fnMap":{"0":{"name":"(anonymous_0)","decl":{"start":{"line":5,"column":2},"end":{"line":5,"column":3}},"loc":{"start":{"line":5,"column":10},"end":{"line":29,"column":3}},"line":5},"1":{"name":"(anonymous_1)","decl":{"start":{"line":16,"column":74},"end":{"line":16,"column":75}},"loc":{"start":{"line":16,"column":81},"end":{"line":16,"column":124}},"line":16},"2":{"name":"(anonymous_2)","decl":{"start":{"line":24,"column":72},"end":{"line":24,"column":73}},"loc":{"start":{"line":24,"column":79},"end":{"line":24,"column":122}},"line":24}},"branchMap":{"0":{"loc":{"start":{"line":7,"column":4},"end":{"line":28,"column":5}},"type":"if","locations":[{"start":{"line":7,"column":4},"end":{"line":28,"column":5}},{"start":{"line":7,"column":4},"end":{"line":28,"column":5}}],"line":7},"1":{"loc":{"start":{"line":7,"column":7},"end":{"line":7,"column":59}},"type":"binary-expr","locations":[{"start":{"line":7,"column":7},"end":{"line":7,"column":31}},{"start":{"line":7,"column":35},"end":{"line":7,"column":59}}],"line":7},"2":{"loc":{"start":{"line":12,"column":9},"end":{"line":28,"column":5}},"type":"if","locations":[{"start":{"line":12,"column":9},"end":{"line":28,"column":5}},{"start":{"line":12,"column":9},"end":{"line":28,"column":5}}],"line":12},"3":{"loc":{"start":{"line":12,"column":13},"end":{"line":12,"column":71}},"type":"binary-expr","locations":[{"start":{"line":12,"column":13},"end":{"line":12,"column":37}},{"start":{"line":12,"column":41},"end":{"line":12,"column":71}}],"line":12}},"s":{"0":20,"1":1,"2":19,"3":7,"4":1,"5":12,"6":0},"f":{"0":20,"1":1,"2":0},"b":{"0":[1,19],"1":[20,13],"2":[7,12],"3":[19,12]},"_coverageSchema":"332fd63041d2c1bcb487cc26dd0d5f7d97098a6c","hash":"717e39423535ca169985b17ac84a82f46c07bea4"}
,"/vagrant/work/odd-radio/odd-radio/src/client/components/Presets.jsx": {"path":"/vagrant/work/odd-radio/odd-radio/src/client/components/Presets.jsx","statementMap":{"0":{"start":{"line":5,"column":4},"end":{"line":5,"column":17}},"1":{"start":{"line":9,"column":4},"end":{"line":37,"column":6}},"2":{"start":{"line":16,"column":26},"end":{"line":16,"column":74}},"3":{"start":{"line":20,"column":26},"end":{"line":20,"column":74}},"4":{"start":{"line":24,"column":26},"end":{"line":24,"column":76}},"5":{"start":{"line":28,"column":26},"end":{"line":28,"column":75}},"6":{"start":{"line":32,"column":26},"end":{"line":32,"column":75}}},"fnMap":{"0":{"name":"(anonymous_0)","decl":{"start":{"line":4,"column":2},"end":{"line":4,"column":3}},"loc":{"start":{"line":4,"column":20},"end":{"line":6,"column":3}},"line":4},"1":{"name":"(anonymous_1)","decl":{"start":{"line":8,"column":2},"end":{"line":8,"column":3}},"loc":{"start":{"line":8,"column":11},"end":{"line":38,"column":3}},"line":8},"2":{"name":"(anonymous_2)","decl":{"start":{"line":16,"column":19},"end":{"line":16,"column":20}},"loc":{"start":{"line":16,"column":26},"end":{"line":16,"column":74}},"line":16},"3":{"name":"(anonymous_3)","decl":{"start":{"line":20,"column":19},"end":{"line":20,"column":20}},"loc":{"start":{"line":20,"column":26},"end":{"line":20,"column":74}},"line":20},"4":{"name":"(anonymous_4)","decl":{"start":{"line":24,"column":19},"end":{"line":24,"column":20}},"loc":{"start":{"line":24,"column":26},"end":{"line":24,"column":76}},"line":24},"5":{"name":"(anonymous_5)","decl":{"start":{"line":28,"column":19},"end":{"line":28,"column":20}},"loc":{"start":{"line":28,"column":26},"end":{"line":28,"column":75}},"line":28},"6":{"name":"(anonymous_6)","decl":{"start":{"line":32,"column":19},"end":{"line":32,"column":20}},"loc":{"start":{"line":32,"column":26},"end":{"line":32,"column":75}},"line":32}},"branchMap":{"0":{"loc":{"start":{"line":15,"column":75},"end":{"line":15,"column":153}},"type":"cond-expr","locations":[{"start":{"line":15,"column":132},"end":{"line":15,"column":148}},{"start":{"line":15,"column":151},"end":{"line":15,"column":153}}],"line":15},"1":{"loc":{"start":{"line":17,"column":20},"end":{"line":17,"column":87}},"type":"cond-expr","locations":[{"start":{"line":17,"column":50},"end":{"line":17,"column":77}},{"start":{"line":17,"column":80},"end":{"line":17,"column":87}}],"line":17},"2":{"loc":{"start":{"line":19,"column":75},"end":{"line":19,"column":153}},"type":"cond-expr","locations":[{"start":{"line":19,"column":132},"end":{"line":19,"column":148}},{"start":{"line":19,"column":151},"end":{"line":19,"column":153}}],"line":19},"3":{"loc":{"start":{"line":21,"column":20},"end":{"line":21,"column":87}},"type":"cond-expr","locations":[{"start":{"line":21,"column":50},"end":{"line":21,"column":77}},{"start":{"line":21,"column":80},"end":{"line":21,"column":87}}],"line":21},"4":{"loc":{"start":{"line":23,"column":75},"end":{"line":23,"column":155}},"type":"cond-expr","locations":[{"start":{"line":23,"column":134},"end":{"line":23,"column":150}},{"start":{"line":23,"column":153},"end":{"line":23,"column":155}}],"line":23},"5":{"loc":{"start":{"line":25,"column":20},"end":{"line":25,"column":91}},"type":"cond-expr","locations":[{"start":{"line":25,"column":52},"end":{"line":25,"column":81}},{"start":{"line":25,"column":84},"end":{"line":25,"column":91}}],"line":25},"6":{"loc":{"start":{"line":27,"column":75},"end":{"line":27,"column":154}},"type":"cond-expr","locations":[{"start":{"line":27,"column":133},"end":{"line":27,"column":149}},{"start":{"line":27,"column":152},"end":{"line":27,"column":154}}],"line":27},"7":{"loc":{"start":{"line":29,"column":20},"end":{"line":29,"column":89}},"type":"cond-expr","locations":[{"start":{"line":29,"column":51},"end":{"line":29,"column":79}},{"start":{"line":29,"column":82},"end":{"line":29,"column":89}}],"line":29},"8":{"loc":{"start":{"line":31,"column":62},"end":{"line":31,"column":141}},"type":"cond-expr","locations":[{"start":{"line":31,"column":120},"end":{"line":31,"column":136}},{"start":{"line":31,"column":139},"end":{"line":31,"column":141}}],"line":31},"9":{"loc":{"start":{"line":33,"column":20},"end":{"line":33,"column":89}},"type":"cond-expr","locations":[{"start":{"line":33,"column":51},"end":{"line":33,"column":79}},{"start":{"line":33,"column":82},"end":{"line":33,"column":89}}],"line":33}},"s":{"0":8,"1":11,"2":1,"3":1,"4":1,"5":1,"6":1},"f":{"0":8,"1":11,"2":1,"3":1,"4":1,"5":1,"6":1},"b":{"0":[0,10],"1":[6,4],"2":[0,10],"3":[6,4],"4":[0,10],"5":[6,4],"6":[0,10],"7":[6,4],"8":[0,10],"9":[6,4]},"_coverageSchema":"332fd63041d2c1bcb487cc26dd0d5f7d97098a6c","hash":"93e08bee7dc49d221ac3346356f22d85ebb473ac"}
,"/vagrant/work/odd-radio/odd-radio/src/client/components/SetPresets.jsx": {"path":"/vagrant/work/odd-radio/odd-radio/src/client/components/SetPresets.jsx","statementMap":{"0":{"start":{"line":6,"column":4},"end":{"line":34,"column":6}},"1":{"start":{"line":12,"column":72},"end":{"line":12,"column":123}},"2":{"start":{"line":16,"column":72},"end":{"line":16,"column":123}},"3":{"start":{"line":20,"column":72},"end":{"line":20,"column":125}},"4":{"start":{"line":24,"column":72},"end":{"line":24,"column":124}},"5":{"start":{"line":28,"column":72},"end":{"line":28,"column":124}}},"fnMap":{"0":{"name":"(anonymous_0)","decl":{"start":{"line":5,"column":2},"end":{"line":5,"column":3}},"loc":{"start":{"line":5,"column":11},"end":{"line":35,"column":3}},"line":5},"1":{"name":"(anonymous_1)","decl":{"start":{"line":12,"column":65},"end":{"line":12,"column":66}},"loc":{"start":{"line":12,"column":72},"end":{"line":12,"column":123}},"line":12},"2":{"name":"(anonymous_2)","decl":{"start":{"line":16,"column":65},"end":{"line":16,"column":66}},"loc":{"start":{"line":16,"column":72},"end":{"line":16,"column":123}},"line":16},"3":{"name":"(anonymous_3)","decl":{"start":{"line":20,"column":65},"end":{"line":20,"column":66}},"loc":{"start":{"line":20,"column":72},"end":{"line":20,"column":125}},"line":20},"4":{"name":"(anonymous_4)","decl":{"start":{"line":24,"column":65},"end":{"line":24,"column":66}},"loc":{"start":{"line":24,"column":72},"end":{"line":24,"column":124}},"line":24},"5":{"name":"(anonymous_5)","decl":{"start":{"line":28,"column":65},"end":{"line":28,"column":66}},"loc":{"start":{"line":28,"column":72},"end":{"line":28,"column":124}},"line":28}},"branchMap":{"0":{"loc":{"start":{"line":14,"column":16},"end":{"line":14,"column":83}},"type":"cond-expr","locations":[{"start":{"line":14,"column":46},"end":{"line":14,"column":73}},{"start":{"line":14,"column":76},"end":{"line":14,"column":83}}],"line":14},"1":{"loc":{"start":{"line":18,"column":16},"end":{"line":18,"column":83}},"type":"cond-expr","locations":[{"start":{"line":18,"column":46},"end":{"line":18,"column":73}},{"start":{"line":18,"column":76},"end":{"line":18,"column":83}}],"line":18},"2":{"loc":{"start":{"line":22,"column":16},"end":{"line":22,"column":87}},"type":"cond-expr","locations":[{"start":{"line":22,"column":48},"end":{"line":22,"column":77}},{"start":{"line":22,"column":80},"end":{"line":22,"column":87}}],"line":22},"3":{"loc":{"start":{"line":26,"column":16},"end":{"line":26,"column":85}},"type":"cond-expr","locations":[{"start":{"line":26,"column":47},"end":{"line":26,"column":75}},{"start":{"line":26,"column":78},"end":{"line":26,"column":85}}],"line":26},"4":{"loc":{"start":{"line":30,"column":16},"end":{"line":30,"column":85}},"type":"cond-expr","locations":[{"start":{"line":30,"column":47},"end":{"line":30,"column":75}},{"start":{"line":30,"column":78},"end":{"line":30,"column":85}}],"line":30}},"s":{"0":11,"1":1,"2":1,"3":1,"4":1,"5":1},"f":{"0":11,"1":1,"2":1,"3":1,"4":1,"5":1},"b":{"0":[9,2],"1":[9,2],"2":[9,2],"3":[9,2],"4":[9,2]},"_coverageSchema":"332fd63041d2c1bcb487cc26dd0d5f7d97098a6c","hash":"b42ebe28457867fe60d9bafcf282e8e461a84c08"}
,"/vagrant/work/odd-radio/odd-radio/src/client/components/Station.jsx": {"path":"/vagrant/work/odd-radio/odd-radio/src/client/components/Station.jsx","statementMap":{"0":{"start":{"line":10,"column":4},"end":{"line":10,"column":17}},"1":{"start":{"line":11,"column":4},"end":{"line":23,"column":5}},"2":{"start":{"line":30,"column":2},"end":{"line":33,"column":4}},"3":{"start":{"line":38,"column":4},"end":{"line":94,"column":5}},"4":{"start":{"line":39,"column":6},"end":{"line":72,"column":9}},"5":{"start":{"line":51,"column":102},"end":{"line":51,"column":130}},"6":{"start":{"line":75,"column":6},"end":{"line":93,"column":7}},"7":{"start":{"line":88,"column":104},"end":{"line":88,"column":153}}},"fnMap":{"0":{"name":"(anonymous_0)","decl":{"start":{"line":9,"column":2},"end":{"line":9,"column":3}},"loc":{"start":{"line":9,"column":21},"end":{"line":24,"column":3}},"line":9},"1":{"name":"(anonymous_1)","decl":{"start":{"line":29,"column":0},"end":{"line":29,"column":1}},"loc":{"start":{"line":29,"column":33},"end":{"line":34,"column":1}},"line":29},"2":{"name":"(anonymous_2)","decl":{"start":{"line":36,"column":2},"end":{"line":36,"column":3}},"loc":{"start":{"line":36,"column":11},"end":{"line":95,"column":3}},"line":36},"3":{"name":"(anonymous_3)","decl":{"start":{"line":51,"column":95},"end":{"line":51,"column":96}},"loc":{"start":{"line":51,"column":102},"end":{"line":51,"column":130}},"line":51},"4":{"name":"(anonymous_4)","decl":{"start":{"line":88,"column":97},"end":{"line":88,"column":98}},"loc":{"start":{"line":88,"column":104},"end":{"line":88,"column":153}},"line":88}},"branchMap":{"0":{"loc":{"start":{"line":38,"column":4},"end":{"line":94,"column":5}},"type":"if","locations":[{"start":{"line":38,"column":4},"end":{"line":94,"column":5}},{"start":{"line":38,"column":4},"end":{"line":94,"column":5}}],"line":38},"1":{"loc":{"start":{"line":38,"column":8},"end":{"line":38,"column":98}},"type":"binary-expr","locations":[{"start":{"line":38,"column":8},"end":{"line":38,"column":59}},{"start":{"line":38,"column":63},"end":{"line":38,"column":98}}],"line":38}},"s":{"0":7,"1":7,"2":2,"3":10,"4":0,"5":0,"6":10,"7":1},"f":{"0":7,"1":2,"2":10,"3":0,"4":1},"b":{"0":[0,10],"1":[10,0]},"_coverageSchema":"332fd63041d2c1bcb487cc26dd0d5f7d97098a6c","hash":"71b6c0b0618640e1f685f9cc40ad6b858ab75011"}
,"/vagrant/work/odd-radio/odd-radio/src/client/components/StationList.jsx": {"path":"/vagrant/work/odd-radio/odd-radio/src/client/components/StationList.jsx","statementMap":{"0":{"start":{"line":7,"column":4},"end":{"line":7,"column":17}},"1":{"start":{"line":12,"column":20},"end":{"line":47,"column":6}},"2":{"start":{"line":13,"column":21},"end":{"line":13,"column":26}},"3":{"start":{"line":14,"column":21},"end":{"line":14,"column":22}},"4":{"start":{"line":16,"column":6},"end":{"line":18,"column":7}},"5":{"start":{"line":17,"column":8},"end":{"line":17,"column":24}},"6":{"start":{"line":20,"column":6},"end":{"line":22,"column":7}},"7":{"start":{"line":21,"column":8},"end":{"line":21,"column":21}},"8":{"start":{"line":24,"column":6},"end":{"line":46,"column":8}},"9":{"start":{"line":49,"column":4},"end":{"line":54,"column":5}}},"fnMap":{"0":{"name":"(anonymous_0)","decl":{"start":{"line":6,"column":2},"end":{"line":6,"column":3}},"loc":{"start":{"line":6,"column":21},"end":{"line":8,"column":3}},"line":6},"1":{"name":"(anonymous_1)","decl":{"start":{"line":11,"column":2},"end":{"line":11,"column":3}},"loc":{"start":{"line":11,"column":11},"end":{"line":55,"column":3}},"line":11},"2":{"name":"(anonymous_2)","decl":{"start":{"line":12,"column":44},"end":{"line":12,"column":45}},"loc":{"start":{"line":12,"column":61},"end":{"line":47,"column":5}},"line":12}},"branchMap":{"0":{"loc":{"start":{"line":16,"column":6},"end":{"line":18,"column":7}},"type":"if","locations":[{"start":{"line":16,"column":6},"end":{"line":18,"column":7}},{"start":{"line":16,"column":6},"end":{"line":18,"column":7}}],"line":16},"1":{"loc":{"start":{"line":20,"column":6},"end":{"line":22,"column":7}},"type":"if","locations":[{"start":{"line":20,"column":6},"end":{"line":22,"column":7}},{"start":{"line":20,"column":6},"end":{"line":22,"column":7}}],"line":20}},"s":{"0":2,"1":5,"2":6,"3":6,"4":6,"5":3,"6":6,"7":3,"8":6,"9":5},"f":{"0":2,"1":5,"2":6},"b":{"0":[3,3],"1":[3,3]},"_coverageSchema":"332fd63041d2c1bcb487cc26dd0d5f7d97098a6c","hash":"20fc2cc9db938b7b052aa428d397b99a04eaf5fc"}
,"/vagrant/work/odd-radio/odd-radio/src/client/components/StationName.jsx": {"path":"/vagrant/work/odd-radio/odd-radio/src/client/components/StationName.jsx","statementMap":{"0":{"start":{"line":8,"column":4},"end":{"line":12,"column":8}},"1":{"start":{"line":10,"column":58},"end":{"line":10,"column":138}}},"fnMap":{"0":{"name":"(anonymous_0)","decl":{"start":{"line":5,"column":2},"end":{"line":5,"column":3}},"loc":{"start":{"line":5,"column":10},"end":{"line":13,"column":3}},"line":5},"1":{"name":"(anonymous_1)","decl":{"start":{"line":10,"column":51},"end":{"line":10,"column":52}},"loc":{"start":{"line":10,"column":58},"end":{"line":10,"column":138}},"line":10}},"branchMap":{},"s":{"0":15,"1":1},"f":{"0":15,"1":1},"b":{},"_coverageSchema":"332fd63041d2c1bcb487cc26dd0d5f7d97098a6c","hash":"3fd0659d6e3ba5ac94c0e8f3d0f7809e2701cf1d"}
,"/vagrant/work/odd-radio/odd-radio/src/client/components/Team.jsx": {"path":"/vagrant/work/odd-radio/odd-radio/src/client/components/Team.jsx","statementMap":{"0":{"start":{"line":5,"column":4},"end":{"line":21,"column":5}}},"fnMap":{"0":{"name":"(anonymous_0)","decl":{"start":{"line":4,"column":2},"end":{"line":4,"column":3}},"loc":{"start":{"line":4,"column":11},"end":{"line":22,"column":3}},"line":4}},"branchMap":{},"s":{"0":1},"f":{"0":1},"b":{},"_coverageSchema":"332fd63041d2c1bcb487cc26dd0d5f7d97098a6c","hash":"2ea64df3ece495e3e2302cc0a2096c8b7f13747a"}
,"/vagrant/work/odd-radio/odd-radio/src/client/components/Ticker.jsx": {"path":"/vagrant/work/odd-radio/odd-radio/src/client/components/Ticker.jsx","statementMap":{"0":{"start":{"line":5,"column":4},"end":{"line":38,"column":5}},"1":{"start":{"line":6,"column":6},"end":{"line":8,"column":8}},"2":{"start":{"line":9,"column":11},"end":{"line":38,"column":5}},"3":{"start":{"line":10,"column":6},"end":{"line":22,"column":8}},"4":{"start":{"line":24,"column":6},"end":{"line":37,"column":8}}},"fnMap":{"0":{"name":"(anonymous_0)","decl":{"start":{"line":4,"column":2},"end":{"line":4,"column":3}},"loc":{"start":{"line":4,"column":10},"end":{"line":39,"column":3}},"line":4}},"branchMap":{"0":{"loc":{"start":{"line":5,"column":4},"end":{"line":38,"column":5}},"type":"if","locations":[{"start":{"line":5,"column":4},"end":{"line":38,"column":5}},{"start":{"line":5,"column":4},"end":{"line":38,"column":5}}],"line":5},"1":{"loc":{"start":{"line":9,"column":11},"end":{"line":38,"column":5}},"type":"if","locations":[{"start":{"line":9,"column":11},"end":{"line":38,"column":5}},{"start":{"line":9,"column":11},"end":{"line":38,"column":5}}],"line":9}},"s":{"0":6,"1":1,"2":5,"3":1,"4":4},"f":{"0":6},"b":{"0":[1,5],"1":[1,4]},"_coverageSchema":"332fd63041d2c1bcb487cc26dd0d5f7d97098a6c","hash":"bf04e6b66d264463e1e6db03cd49cbbf6cef4060"}
,"/vagrant/work/odd-radio/odd-radio/src/client/components/VolumeControls.jsx": {"path":"/vagrant/work/odd-radio/odd-radio/src/client/components/VolumeControls.jsx","statementMap":{"0":{"start":{"line":6,"column":4},"end":{"line":15,"column":5}}},"fnMap":{"0":{"name":"(anonymous_0)","decl":{"start":{"line":5,"column":2},"end":{"line":5,"column":3}},"loc":{"start":{"line":5,"column":11},"end":{"line":16,"column":3}},"line":5}},"branchMap":{},"s":{"0":5},"f":{"0":5},"b":{},"_coverageSchema":"332fd63041d2c1bcb487cc26dd0d5f7d97098a6c","hash":"dbe30f051a18dec4cd11d849886adc24b61fe1f7"}
,"/vagrant/work/odd-radio/odd-radio/src/client/util/ClientFunctions.jsx": {"path":"/vagrant/work/odd-radio/odd-radio/src/client/util/ClientFunctions.jsx","statementMap":{"0":{"start":{"line":3,"column":23},"end":{"line":12,"column":1}},"1":{"start":{"line":4,"column":4},"end":{"line":10,"column":5}},"2":{"start":{"line":5,"column":16},"end":{"line":5,"column":72}},"3":{"start":{"line":7,"column":19},"end":{"line":7,"column":33}},"4":{"start":{"line":8,"column":8},"end":{"line":8,"column":40}},"5":{"start":{"line":9,"column":8},"end":{"line":9,"column":30}},"6":{"start":{"line":11,"column":4},"end":{"line":11,"column":23}}},"fnMap":{"0":{"name":"(anonymous_0)","decl":{"start":{"line":3,"column":23},"end":{"line":3,"column":24}},"loc":{"start":{"line":3,"column":46},"end":{"line":12,"column":1}},"line":3}},"branchMap":{},"s":{"0":2,"1":3,"2":10,"3":10,"4":10,"5":10,"6":3},"f":{"0":3},"b":{},"_coverageSchema":"332fd63041d2c1bcb487cc26dd0d5f7d97098a6c","hash":"ef5fcb20608a19b9161bc5b958388905e0f50ef0"}
}
