TN:
SF:/vagrant/Lighthouse-Labs-Projects/odd-radio-1/src/client/components/App.jsx
FN:11,(anonymous_0)
FN:45,(anonymous_1)
FN:47,(anonymous_2)
FN:49,(anonymous_3)
FN:52,(anonymous_4)
FN:58,(anonymous_5)
FN:79,(anonymous_6)
FN:88,(anonymous_7)
FN:98,(anonymous_8)
FN:106,(anonymous_9)
FN:110,(anonymous_10)
FN:118,(anonymous_11)
FN:126,(anonymous_12)
FN:137,(anonymous_13)
FN:143,(anonymous_14)
FN:169,(anonymous_15)
FN:174,(anonymous_16)
FN:175,(anonymous_17)
FN:182,(anonymous_18)
FN:190,(anonymous_19)
FN:198,(anonymous_20)
FNF:21
FNH:9
FNDA:1,(anonymous_0)
FNDA:1,(anonymous_1)
FNDA:1,(anonymous_2)
FNDA:0,(anonymous_3)
FNDA:1,(anonymous_4)
FNDA:0,(anonymous_5)
FNDA:0,(anonymous_6)
FNDA:0,(anonymous_7)
FNDA:0,(anonymous_8)
FNDA:0,(anonymous_9)
FNDA:0,(anonymous_10)
FNDA:0,(anonymous_11)
FNDA:0,(anonymous_12)
FNDA:0,(anonymous_13)
FNDA:0,(anonymous_14)
FNDA:1,(anonymous_15)
FNDA:1,(anonymous_16)
FNDA:0,(anonymous_17)
FNDA:1,(anonymous_18)
FNDA:1,(anonymous_19)
FNDA:1,(anonymous_20)
DA:12,1
DA:13,1
DA:14,1
DA:32,1
DA:33,1
DA:34,1
DA:35,1
DA:36,1
DA:37,1
DA:38,1
DA:39,1
DA:40,1
DA:41,1
DA:46,1
DA:48,1
DA:50,0
DA:51,0
DA:53,1
DA:59,0
DA:61,0
DA:67,0
DA:68,0
DA:70,0
DA:71,0
DA:73,0
DA:80,0
DA:81,0
DA:89,0
DA:90,0
DA:93,0
DA:98,0
DA:99,0
DA:101,0
DA:106,0
DA:113,0
DA:121,0
DA:127,0
DA:128,0
DA:129,0
DA:130,0
DA:131,0
DA:138,0
DA:139,0
DA:144,0
DA:146,0
DA:149,0
DA:150,0
DA:151,0
DA:154,0
DA:155,0
DA:157,0
DA:164,0
DA:170,1
DA:171,1
DA:175,1
DA:176,0
DA:177,0
DA:183,1
DA:184,0
DA:191,1
DA:192,1
DA:193,1
DA:194,1
DA:199,1
LF:64
LH:25
BRDA:70,0,0,0
BRDA:70,0,1,0
BRDA:90,1,0,0
BRDA:90,1,1,0
BRDA:99,2,0,0
BRDA:99,2,1,0
BRDA:128,3,0,0
BRDA:128,3,1,0
BRDA:149,4,0,0
BRDA:149,4,1,0
BRDA:154,5,0,0
BRDA:154,5,1,0
BRDA:183,6,0,0
BRDA:183,6,1,1
BRF:14
BRH:1
end_of_record
TN:
SF:/vagrant/Lighthouse-Labs-Projects/odd-radio-1/src/client/components/AudioPlayer.jsx
FN:8,(anonymous_0)
FN:21,(anonymous_1)
FN:26,(anonymous_2)
FN:32,(anonymous_3)
FN:39,(anonymous_4)
FN:45,(anonymous_5)
FN:51,(anonymous_6)
FN:57,(anonymous_7)
FN:61,(anonymous_8)
FN:64,(anonymous_9)
FN:64,(anonymous_10)
FN:68,(anonymous_11)
FNF:12
FNH:4
FNDA:2,(anonymous_0)
FNDA:0,(anonymous_1)
FNDA:0,(anonymous_2)
FNDA:0,(anonymous_3)
FNDA:0,(anonymous_4)
FNDA:0,(anonymous_5)
FNDA:2,(anonymous_6)
FNDA:2,(anonymous_7)
FNDA:4,(anonymous_8)
FNDA:0,(anonymous_9)
FNDA:0,(anonymous_10)
FNDA:0,(anonymous_11)
DA:9,2
DA:10,2
DA:16,2
DA:17,2
DA:22,0
DA:24,0
DA:27,0
DA:33,0
DA:35,0
DA:36,0
DA:40,0
DA:43,0
DA:46,0
DA:52,2
DA:58,2
DA:62,4
DA:64,0
DA:68,0
LF:18
LH:7
BRDA:35,0,0,0
BRDA:35,0,1,0
BRDA:75,1,0,4
BRDA:75,1,1,4
BRF:4
BRH:2
end_of_record
TN:
SF:/vagrant/Lighthouse-Labs-Projects/odd-radio-1/src/client/components/Background.jsx
FN:4,(anonymous_0)
FNF:1
FNH:1
FNDA:1,(anonymous_0)
DA:5,1
LF:1
LH:1
BRF:0
BRH:0
end_of_record
TN:
SF:/vagrant/Lighthouse-Labs-Projects/odd-radio-1/src/client/components/Loader.jsx
FN:4,(anonymous_0)
FNF:1
FNH:1
FNDA:2,(anonymous_0)
DA:5,2
LF:1
LH:1
BRF:0
BRH:0
end_of_record
TN:
SF:/vagrant/Lighthouse-Labs-Projects/odd-radio-1/src/client/components/MuteButton.jsx
FN:4,(anonymous_0)
FN:8,(anonymous_1)
FN:14,(anonymous_2)
FNF:3
FNH:3
FNDA:9,(anonymous_0)
FNDA:1,(anonymous_1)
FNDA:1,(anonymous_2)
DA:5,9
DA:6,7
DA:8,1
DA:12,2
DA:14,1
LF:5
LH:5
BRDA:5,0,0,7
BRDA:5,0,1,2
BRF:2
BRH:2
end_of_record
TN:
SF:/vagrant/Lighthouse-Labs-Projects/odd-radio-1/src/client/components/PlayerButtons.jsx
FN:5,(anonymous_0)
FN:16,(anonymous_1)
FN:24,(anonymous_2)
FNF:3
FNH:3
FNDA:15,(anonymous_0)
FNDA:1,(anonymous_1)
FNDA:1,(anonymous_2)
DA:7,15
DA:8,1
DA:12,14
DA:13,5
DA:16,1
DA:21,9
DA:24,1
LF:7
LH:7
BRDA:7,0,0,1
BRDA:7,0,1,14
BRDA:7,1,0,15
BRDA:7,1,1,10
BRDA:12,2,0,5
BRDA:12,2,1,9
BRDA:12,3,0,14
BRDA:12,3,1,9
BRF:8
BRH:8
end_of_record
TN:
SF:/vagrant/Lighthouse-Labs-Projects/odd-radio-1/src/client/components/Station.jsx
FN:7,(anonymous_0)
FN:23,(anonymous_1)
FN:35,(anonymous_2)
FN:50,(anonymous_3)
FN:70,(anonymous_4)
FNF:5
FNH:5
FNDA:5,(anonymous_0)
FNDA:2,(anonymous_1)
FNDA:8,(anonymous_2)
FNDA:2,(anonymous_3)
FNDA:2,(anonymous_4)
DA:8,5
DA:9,5
DA:19,5
DA:24,2
DA:25,1
DA:29,1
DA:38,8
DA:39,6
DA:50,2
DA:59,2
DA:70,2
LF:11
LH:11
BRDA:24,0,0,1
BRDA:24,0,1,1
BRDA:38,1,0,6
BRDA:38,1,1,2
BRF:4
BRH:4
end_of_record
TN:
SF:/vagrant/Lighthouse-Labs-Projects/odd-radio-1/src/client/components/StationList.jsx
FN:5,(anonymous_0)
FN:10,(anonymous_1)
FN:11,(anonymous_2)
FNF:3
FNH:3
FNDA:2,(anonymous_0)
FNDA:2,(anonymous_1)
FNDA:2,(anonymous_2)
DA:6,2
DA:11,2
DA:12,2
DA:13,2
DA:15,2
DA:16,1
DA:19,2
DA:20,1
DA:23,2
DA:40,2
LF:10
LH:10
BRDA:15,0,0,1
BRDA:15,0,1,1
BRDA:19,1,0,1
BRDA:19,1,1,1
BRF:4
BRH:4
end_of_record
TN:
SF:/vagrant/Lighthouse-Labs-Projects/odd-radio-1/src/client/components/VolumeControls.jsx
FN:5,(anonymous_0)
FNF:1
FNH:1
FNDA:4,(anonymous_0)
DA:6,4
LF:1
LH:1
BRF:0
BRH:0
end_of_record
TN:
SF:/vagrant/Lighthouse-Labs-Projects/odd-radio-1/src/client/util/ClientFunctions.jsx
FN:3,(anonymous_0)
FN:14,(anonymous_1)
FNF:2
FNH:2
FNDA:1,(anonymous_0)
FNDA:4,(anonymous_1)
DA:3,5
DA:4,1
DA:5,8
DA:7,8
DA:8,8
DA:9,8
DA:11,1
DA:14,5
DA:15,4
DA:16,4
DA:17,4
DA:18,4
LF:12
LH:12
BRF:0
BRH:0
end_of_record
