TN:
SF:/vagrant/Lighthouse-Labs-Projects/odd-radio-1/src/client/components/App.jsx
FN:10,(anonymous_0)
FN:42,(anonymous_1)
FN:44,(anonymous_2)
FN:46,(anonymous_3)
FN:49,(anonymous_4)
FN:55,(anonymous_5)
FN:73,(anonymous_6)
FN:99,(anonymous_7)
FN:105,(anonymous_8)
FN:132,(anonymous_9)
FN:137,(anonymous_10)
FN:138,(anonymous_11)
FN:145,(anonymous_12)
FN:153,(anonymous_13)
FN:159,(anonymous_14)
FNF:15
FNH:9
FNDA:1,(anonymous_0)
FNDA:1,(anonymous_1)
FNDA:1,(anonymous_2)
FNDA:0,(anonymous_3)
FNDA:1,(anonymous_4)
FNDA:0,(anonymous_5)
FNDA:0,(anonymous_6)
FNDA:0,(anonymous_7)
FNDA:0,(anonymous_8)
FNDA:1,(anonymous_9)
FNDA:1,(anonymous_10)
FNDA:0,(anonymous_11)
FNDA:1,(anonymous_12)
FNDA:1,(anonymous_13)
FNDA:1,(anonymous_14)
DA:11,1
DA:12,1
DA:13,1
DA:32,1
DA:33,1
DA:34,1
DA:35,1
DA:36,1
DA:37,1
DA:38,1
DA:43,1
DA:45,1
DA:47,0
DA:48,0
DA:50,1
DA:56,0
DA:62,0
DA:63,0
DA:64,0
DA:67,0
DA:68,0
DA:74,0
DA:75,0
DA:76,0
DA:77,0
DA:78,0
DA:79,0
DA:86,0
DA:87,0
DA:88,0
DA:89,0
DA:100,0
DA:101,0
DA:106,0
DA:108,0
DA:109,0
DA:112,0
DA:113,0
DA:114,0
DA:117,0
DA:118,0
DA:125,0
DA:133,1
DA:134,1
DA:138,1
DA:139,0
DA:140,0
DA:146,1
DA:147,0
DA:154,1
DA:155,1
DA:156,1
DA:160,1
LF:53
LH:21
BRDA:76,0,0,0
BRDA:76,0,1,0
BRDA:86,1,0,0
BRDA:86,1,1,0
BRDA:112,2,0,0
BRDA:112,2,1,0
BRDA:117,3,0,0
BRDA:117,3,1,0
BRDA:146,4,0,0
BRDA:146,4,1,1
BRF:10
BRH:1
end_of_record
TN:
SF:/vagrant/Lighthouse-Labs-Projects/odd-radio-1/src/client/components/AudioPlayer.jsx
FN:7,(anonymous_0)
FN:19,(anonymous_1)
FN:35,(anonymous_2)
FN:55,(anonymous_3)
FNF:4
FNH:2
FNDA:5,(anonymous_0)
FNDA:0,(anonymous_1)
FNDA:0,(anonymous_2)
FNDA:5,(anonymous_3)
DA:8,5
DA:9,5
DA:14,5
DA:20,0
DA:21,0
DA:23,0
DA:25,0
DA:26,0
DA:29,0
DA:36,0
DA:37,0
DA:39,0
DA:40,0
DA:41,0
DA:45,0
DA:46,0
DA:47,0
DA:49,0
DA:50,0
DA:51,0
DA:56,5
DA:57,5
LF:22
LH:5
BRDA:25,0,0,0
BRDA:25,0,1,0
BRDA:39,1,0,0
BRDA:39,1,1,0
BRF:4
BRH:0
end_of_record
TN:
SF:/vagrant/Lighthouse-Labs-Projects/odd-radio-1/src/client/components/PlayerButtons.jsx
FN:4,(anonymous_0)
FN:10,(anonymous_1)
FN:18,(anonymous_2)
FNF:3
FNH:1
FNDA:15,(anonymous_0)
FNDA:0,(anonymous_1)
FNDA:0,(anonymous_2)
DA:6,15
DA:7,0
DA:10,0
DA:15,15
DA:18,0
LF:5
LH:2
BRDA:6,0,0,0
BRDA:6,0,1,15
BRDA:6,1,0,15
BRDA:6,1,1,7
BRF:4
BRH:3
end_of_record
TN:
SF:/vagrant/Lighthouse-Labs-Projects/odd-radio-1/src/client/components/Station.jsx
FN:6,(anonymous_0)
FN:22,(anonymous_1)
FN:34,(anonymous_2)
FN:48,(anonymous_3)
FN:67,(anonymous_4)
FNF:5
FNH:2
FNDA:4,(anonymous_0)
FNDA:0,(anonymous_1)
FNDA:4,(anonymous_2)
FNDA:0,(anonymous_3)
FNDA:0,(anonymous_4)
DA:7,4
DA:8,4
DA:18,4
DA:23,0
DA:24,0
DA:28,0
DA:37,4
DA:38,4
DA:48,0
DA:57,0
DA:67,0
LF:11
LH:5
BRDA:23,0,0,0
BRDA:23,0,1,0
BRDA:37,1,0,4
BRDA:37,1,1,0
BRF:4
BRH:1
end_of_record
TN:
SF:/vagrant/Lighthouse-Labs-Projects/odd-radio-1/src/client/components/StationList.jsx
FN:5,(anonymous_0)
FN:10,(anonymous_1)
FN:11,(anonymous_2)
FNF:3
FNH:3
FNDA:5,(anonymous_0)
FNDA:5,(anonymous_1)
FNDA:2,(anonymous_2)
DA:6,5
DA:11,5
DA:13,2
DA:14,0
DA:16,2
DA:19,2
DA:20,1
DA:35,1
DA:52,5
LF:9
LH:8
BRDA:13,0,0,0
BRDA:13,0,1,2
BRDA:19,1,0,1
BRDA:19,1,1,1
BRF:4
BRH:3
end_of_record
TN:
SF:/vagrant/Lighthouse-Labs-Projects/odd-radio-1/src/client/components/app.jsx
FN:10,(anonymous_0)
FN:42,(anonymous_1)
FN:44,(anonymous_2)
FN:46,(anonymous_3)
FN:49,(anonymous_4)
FN:55,(anonymous_5)
FN:73,(anonymous_6)
FN:99,(anonymous_7)
FN:105,(anonymous_8)
FN:132,(anonymous_9)
FN:137,(anonymous_10)
FN:138,(anonymous_11)
FN:145,(anonymous_12)
FN:153,(anonymous_13)
FN:159,(anonymous_14)
FNF:15
FNH:3
FNDA:3,(anonymous_0)
FNDA:0,(anonymous_1)
FNDA:0,(anonymous_2)
FNDA:0,(anonymous_3)
FNDA:0,(anonymous_4)
FNDA:0,(anonymous_5)
FNDA:0,(anonymous_6)
FNDA:0,(anonymous_7)
FNDA:0,(anonymous_8)
FNDA:3,(anonymous_9)
FNDA:0,(anonymous_10)
FNDA:0,(anonymous_11)
FNDA:0,(anonymous_12)
FNDA:0,(anonymous_13)
FNDA:3,(anonymous_14)
DA:11,3
DA:12,3
DA:13,3
DA:32,3
DA:33,3
DA:34,3
DA:35,3
DA:36,3
DA:37,3
DA:38,3
DA:43,0
DA:45,0
DA:47,0
DA:48,0
DA:50,0
DA:56,0
DA:62,0
DA:63,0
DA:64,0
DA:67,0
DA:68,0
DA:74,0
DA:75,0
DA:76,0
DA:77,0
DA:78,0
DA:79,0
DA:86,0
DA:87,0
DA:88,0
DA:89,0
DA:100,0
DA:101,0
DA:106,0
DA:108,0
DA:109,0
DA:112,0
DA:113,0
DA:114,0
DA:117,0
DA:118,0
DA:125,0
DA:133,3
DA:134,3
DA:138,0
DA:139,0
DA:140,0
DA:146,0
DA:147,0
DA:154,0
DA:155,0
DA:156,0
DA:160,3
LF:53
LH:13
BRDA:76,0,0,0
BRDA:76,0,1,0
BRDA:86,1,0,0
BRDA:86,1,1,0
BRDA:112,2,0,0
BRDA:112,2,1,0
BRDA:117,3,0,0
BRDA:117,3,1,0
BRDA:146,4,0,0
BRDA:146,4,1,0
BRF:10
BRH:0
end_of_record
TN:
SF:/vagrant/Lighthouse-Labs-Projects/odd-radio-1/src/client/components/station.jsx
FN:6,(anonymous_0)
FN:22,(anonymous_1)
FN:34,(anonymous_2)
FN:48,(anonymous_3)
FN:67,(anonymous_4)
FNF:5
FNH:2
FNDA:5,(anonymous_0)
FNDA:0,(anonymous_1)
FNDA:5,(anonymous_2)
FNDA:0,(anonymous_3)
FNDA:0,(anonymous_4)
DA:7,5
DA:8,5
DA:18,5
DA:23,0
DA:24,0
DA:28,0
DA:37,5
DA:38,5
DA:48,0
DA:57,0
DA:67,0
LF:11
LH:5
BRDA:23,0,0,0
BRDA:23,0,1,0
BRDA:37,1,0,5
BRDA:37,1,1,0
BRF:4
BRH:1
end_of_record
TN:
SF:/vagrant/Lighthouse-Labs-Projects/odd-radio-1/src/client/util/ClientFunctions.jsx
FN:3,(anonymous_0)
FNF:1
FNH:1
FNDA:1,(anonymous_0)
DA:3,4
DA:4,1
DA:5,8
DA:7,8
DA:8,8
DA:9,8
DA:11,1
LF:7
LH:7
BRF:0
BRH:0
end_of_record
